{ "timestamp":"2018-10-09T19:00:59Z", "event":"Fileheader", "part":1, "language":"German\\DE", "gameversion":"3.2.1.300 EDH", "build":"r180310/r0 " }
{ "timestamp":"2018-10-09T19:01:00Z", "event":"Music", "MusicTrack":"NoTrack" }
{ "timestamp":"2018-10-09T19:01:00Z", "event":"Music", "MusicTrack":"MainMenu" }
{ "timestamp":"2018-10-09T19:01:38Z", "event":"Commander", "Name":"J.Brody" }
{ "timestamp":"2018-10-09T19:01:38Z", "event":"Materials", "Raw":[ { "Name":"iron", "Name_Localised":"Eisen", "Count":196 }, { "Name":"nickel", "Count":175 }, { "Name":"vanadium", "Count":46 }, { "Name":"phosphorus", "Name_Localised":"Phosphor", "Count":108 }, { "Name":"sulphur", "Name_Localised":"Schwefel", "Count":291 }, { "Name":"rhenium", "Count":15 }, { "Name":"manganese", "Name_Localised":"Mangan", "Count":87 }, { "Name":"lead", "Name_Localised":"Blei", "Count":24 }, { "Name":"germanium", "Count":57 }, { "Name":"carbon", "Name_Localised":"Kohlenstoff", "Count":174 }, { "Name":"tin", "Name_Localised":"Zinn", "Count":3 }, { "Name":"selenium", "Name_Localised":"Selen", "Count":9 }, { "Name":"tungsten", "Name_Localised":"Wolfram", "Count":3 }, { "Name":"chromium", "Name_Localised":"Chrom", "Count":12 } ], "Manufactured":[ { "Name":"conductivecomponents", "Name_Localised":"Leitfähige Komponenten", "Count":11 }, { "Name":"chemicalprocessors", "Name_Localised":"Chemische Prozessoren", "Count":6 }, { "Name":"wornshieldemitters", "Name_Localised":"Gebrauchte Schildemitter", "Count":6 }, { "Name":"phasealloys", "Name_Localised":"Phasenlegierungen", "Count":3 }, { "Name":"focuscrystals", "Name_Localised":"Laserkristalle", "Count":9 }, { "Name":"shieldemitters", "Name_Localised":"Schildemitter", "Count":15 }, { "Name":"hybridcapacitors", "Name_Localised":"Hybridkondensatoren", "Count":8 }, { "Name":"electrochemicalarrays", "Name_Localised":"Elektrochemische Detektoren", "Count":3 }, { "Name":"fedproprietarycomposites", "Name_Localised":"Kompositwerkstoffe", "Count":3 }, { "Name":"conductiveceramics", "Name_Localised":"Elektrokeramiken", "Count":15 }, { "Name":"polymercapacitors", "Name_Localised":"Polymerkondensatoren", "Count":3 }, { "Name":"precipitatedalloys", "Name_Localised":"Gehärtete Legierungen", "Count":6 }, { "Name":"shieldingsensors", "Name_Localised":"Schildsensoren", "Count":9 }, { "Name":"salvagedalloys", "Name_Localised":"Geborgene Legierungen", "Count":6 }, { "Name":"protolightalloys", "Name_Localised":"Leichte Legierungen (Proto)", "Count":1 }, { "Name":"heatvanes", "Name_Localised":"Wärmeleitbleche", "Count":1 }, { "Name":"mechanicalequipment", "Name_Localised":"Mechanisches Equipment", "Count":1 }, { "Name":"biotechconductors", "Name_Localised":"Biotech-Leiter", "Count":1 }, { "Name":"refinedfocuscrystals", "Name_Localised":"Raffinierte Laserkristalle", "Count":6 }, { "Name":"galvanisingalloys", "Name_Localised":"Galvanisierende Legierungen", "Count":6 }, { "Name":"gridresistors", "Name_Localised":"Gitterwiderstände", "Count":1 }, { "Name":"heatexchangers", "Name_Localised":"Wärmeaustauscher", "Count":3 }, { "Name":"conductivepolymers", "Name_Localised":"Leitfähige Polymere", "Count":3 }, { "Name":"mechanicalcomponents", "Name_Localised":"Mechanische Komponenten", "Count":9 }, { "Name":"chemicalstorageunits", "Name_Localised":"Lagerungseinheiten für Chemiestoffe", "Count":3 }, { "Name":"basicconductors", "Name_Localised":"Einfache Leiter", "Count":3 }, { "Name":"compoundshielding", "Name_Localised":"Verbundschilde", "Count":3 }, { "Name":"temperedalloys", "Name_Localised":"Vergütete Legierungen", "Count":3 }, { "Name":"crystalshards", "Name_Localised":"Kristallscherben", "Count":9 }, { "Name":"heatresistantceramics", "Name_Localised":"Hitzefeste Keramik", "Count":9 } ], "Encoded":[ { "Name":"shieldpatternanalysis", "Name_Localised":"Abweichende Schildeinsatz-Analysen", "Count":27 }, { "Name":"decodedemissiondata", "Name_Localised":"Entschlüsselte Emissionsdaten", "Count":9 }, { "Name":"shieldcyclerecordings", "Name_Localised":"Gestörte Schildzyklus-Aufzeichnungen", "Count":15 }, { "Name":"classifiedscandata", "Name_Localised":"Geheimes Scan-Fragment", "Count":3 }, { "Name":"scrambledemissiondata", "Name_Localised":"Außergewöhnliche verschlüsselte Emissionsdaten", "Count":7 }, { "Name":"securityfirmware", "Name_Localised":"Sicherheits-Firmware-Patch", "Count":1 }, { "Name":"bulkscandata", "Name_Localised":"Anormale Massen-Scan-Daten", "Count":1 }, { "Name":"embeddedfirmware", "Name_Localised":"Modifizierte integrierte Firmware", "Count":1 }, { "Name":"consumerfirmware", "Name_Localised":"Modifizierte Consumer-Firmware", "Count":2 }, { "Name":"fsdtelemetry", "Name_Localised":"Anormale FSA-Telemetrie", "Count":10 }, { "Name":"industrialfirmware", "Name_Localised":"Gecrackte Industrie-Firmware", "Count":1 }, { "Name":"shieldsoakanalysis", "Name_Localised":"Inkonsistente Schildleistungsanalysen", "Count":3 }, { "Name":"emissiondata", "Name_Localised":"Unerwartete Emissionsdaten", "Count":6 }, { "Name":"disruptedwakeechoes", "Name_Localised":"Atypische FSA-Stör-Aufzeichnungen", "Count":19 }, { "Name":"hyperspacetrajectories", "Name_Localised":"Exzentrische Hyperraum-Routen", "Count":11 }, { "Name":"dataminedwake", "Name_Localised":"FSA-Daten-Cache-Ausnahmen", "Count":6 }, { "Name":"wakesolutions", "Name_Localised":"Seltsame FSA-Zielorte", "Count":6 }, { "Name":"shielddensityreports", "Name_Localised":"Untypische Schildscans ", "Count":3 } ] }
{ "timestamp":"2018-10-09T19:01:38Z", "event":"LoadGame", "Commander":"J.Brody", "Horizons":true, "Ship":"Type9", "Ship_Localised":"Type-9 Heavy", "ShipID":4, "ShipName":"", "ShipIdent":"", "FuelLevel":60.781162, "FuelCapacity":64.000000, "GameMode":"Group", "Group":"J.Brody", "Credits":24592143, "Loan":0 }
{ "timestamp":"2018-10-09T19:01:38Z", "event":"Rank", "Combat":3, "Trade":6, "Explore":3, "Empire":2, "Federation":1, "CQC":0 }
{ "timestamp":"2018-10-09T19:01:38Z", "event":"Progress", "Combat":14, "Trade":9, "Explore":16, "Empire":100, "Federation":31, "CQC":0 }
{ "timestamp":"2018-10-09T19:01:38Z", "event":"Reputation", "Empire":87.805702, "Federation":74.963402, "Independent":0.098150 }
{ "timestamp":"2018-10-09T19:01:44Z", "event":"Loadout", "Ship":"Type9", "ShipID":4, "ShipName":"", "ShipIdent":"JB-12T", "HullValue":61298486, "ModulesValue":23034656, "Rebuy":4216657, "Modules":[ { "Slot":"MediumHardpoint1", "Item":"Hpt_MineLauncher_Fixed_Small", "On":true, "Priority":0, "AmmoInClip":1, "AmmoInHopper":36, "Health":1.000000, "Value":24260 }, { "Slot":"MediumHardpoint2", "Item":"Hpt_MineLauncher_Fixed_Small_Impulse", "On":true, "Priority":0, "AmmoInClip":1, "AmmoInHopper":36, "Health":1.000000, "Value":36390 }, { "Slot":"MediumHardpoint3", "Item":"Hpt_MineLauncher_Fixed_Small_Impulse", "On":true, "Priority":0, "AmmoInClip":1, "AmmoInHopper":36, "Health":1.000000, "Value":36390 }, { "Slot":"SmallHardpoint1", "Item":"Hpt_MineLauncher_Fixed_Small_Impulse", "On":true, "Priority":0, "AmmoInClip":1, "AmmoInHopper":36, "Health":1.000000, "Value":36390 }, { "Slot":"SmallHardpoint2", "Item":"Hpt_MineLauncher_Fixed_Small_Impulse", "On":true, "Priority":0, "AmmoInClip":1, "AmmoInHopper":36, "Health":1.000000, "Value":36390 }, { "Slot":"TinyHardpoint1", "Item":"Hpt_ChaffLauncher_Tiny", "On":true, "Priority":0, "AmmoInClip":1, "AmmoInHopper":10, "Health":1.000000, "Value":8500 }, { "Slot":"TinyHardpoint2", "Item":"Hpt_ChaffLauncher_Tiny", "On":true, "Priority":0, "AmmoInClip":1, "AmmoInHopper":10, "Health":1.000000, "Value":8500 }, { "Slot":"TinyHardpoint3", "Item":"Hpt_ElectronicCountermeasure_Tiny", "On":true, "Priority":0, "Health":1.000000, "Value":12500 }, { "Slot":"TinyHardpoint4", "Item":"Hpt_PlasmaPointDefence_Turret_Tiny", "On":true, "Priority":0, "AmmoInClip":12, "AmmoInHopper":10000, "Health":1.000000, "Value":18546 }, { "Slot":"Armour", "Item":"Type9_Armour_Grade1", "On":true, "Priority":1, "Health":1.000000 }, { "Slot":"PowerPlant", "Item":"Int_Powerplant_Size6_Class1", "On":true, "Priority":1, "Health":1.000000, "Value":160137 }, { "Slot":"MainEngines", "Item":"Int_Engine_Size7_Class1", "On":true, "Priority":0, "Health":1.000000, "Value":538219, "Engineering":{ "Engineer":"Elvira Martuuk", "EngineerID":300160, "BlueprintID":128673655, "BlueprintName":"Engine_Dirty", "Level":1, "Quality":0.890000, "Modifiers":[ { "Label":"Integrity", "Value":114.460007, "OriginalValue":118.000000, "LessIsGood":0 }, { "Label":"PowerDraw", "Value":6.323200, "OriginalValue":6.080000, "LessIsGood":1 }, { "Label":"EngineOptimalMass", "Value":1404.000000, "OriginalValue":1440.000000, "LessIsGood":0 }, { "Label":"EngineOptPerformance", "Value":111.230019, "OriginalValue":100.000000, "LessIsGood":0 }, { "Label":"EngineHeatRate", "Value":1.560000, "OriginalValue":1.300000, "LessIsGood":1 } ] } }, { "Slot":"FrameShiftDrive", "Item":"Int_Hyperdrive_Size6_Class5", "On":true, "Priority":0, "Health":1.000000, "Value":13752602, "Engineering":{ "Engineer":"Elvira Martuuk", "EngineerID":300160, "BlueprintID":128673691, "BlueprintName":"FSD_LongRange", "Level":2, "Quality":0.955000, "ExperimentalEffect":"special_fsd_fuelcapacity", "ExperimentalEffect_Localised":"Tieflader", "Modifiers":[ { "Label":"Mass", "Value":46.000000, "OriginalValue":40.000000, "LessIsGood":1 }, { "Label":"Integrity", "Value":132.539993, "OriginalValue":141.000000, "LessIsGood":0 }, { "Label":"PowerDraw", "Value":0.834750, "OriginalValue":0.750000, "LessIsGood":1 }, { "Label":"FSDOptimalMass", "Value":2241.899902, "OriginalValue":1800.000000, "LessIsGood":0 }, { "Label":"MaxFuelPerJump", "Value":8.800000, "OriginalValue":8.000000, "LessIsGood":0 } ] } }, { "Slot":"LifeSupport", "Item":"Int_LifeSupport_Size5_Class1", "On":true, "Priority":2, "Health":1.000000, "Value":27011 }, { "Slot":"PowerDistributor", "Item":"Int_PowerDistributor_Size6_Class1", "On":true, "Priority":0, "Health":1.000000, "Value":88978 }, { "Slot":"Radar", "Item":"Int_Sensors_Size4_Class2", "On":true, "Priority":0, "Health":1.000000, "Value":24118 }, { "Slot":"FuelTank", "Item":"Int_FuelTank_Size6_Class3", "On":true, "Priority":1, "Health":1.000000, "Value":290340 }, { "Slot":"Slot00_Size8", "Item":"Int_CargoRack_Size8_Class1", "On":true, "Priority":1, "Health":1.000000, "Value":3255387 }, { "Slot":"Slot01_Size8", "Item":"Int_CargoRack_Size8_Class1", "On":true, "Priority":1, "Health":1.000000, "Value":3255387 }, { "Slot":"Slot02_Size7", "Item":"Int_CargoRack_Size7_Class1", "On":true, "Priority":1, "Health":1.000000, "Value":1001657 }, { "Slot":"Slot03_Size6", "Item":"Int_ShieldGenerator_Size6_Class1", "On":true, "Priority":2, "Health":1.000000, "Value":169784 }, { "Slot":"Slot04_Size5", "Item":"Int_CargoRack_Size5_Class1", "On":true, "Priority":1, "Health":1.000000, "Value":111566 }, { "Slot":"Slot05_Size4", "Item":"Int_CargoRack_Size4_Class1", "On":true, "Priority":1, "Health":1.000000, "Value":29178 }, { "Slot":"Slot06_Size4", "Item":"Int_CargoRack_Size4_Class1", "On":true, "Priority":1, "Health":1.000000, "Value":34328 }, { "Slot":"Slot07_Size3", "Item":"Int_CargoRack_Size3_Class1", "On":true, "Priority":1, "Health":1.000000, "Value":10563 }, { "Slot":"Slot08_Size3", "Item":"Int_CargoRack_Size3_Class1", "On":true, "Priority":1, "Health":1.000000, "Value":10563 }, { "Slot":"Slot11_Size2", "Item":"Int_ShieldCellBank_Size2_Class5", "On":true, "Priority":0, "AmmoInClip":1, "AmmoInHopper":2, "Health":1.000000, "Value":56547 }, { "Slot":"PlanetaryApproachSuite", "Item":"Int_PlanetApproachSuite", "On":true, "Priority":1, "Health":1.000000, "Value":425 }, { "Slot":"Bobble01", "Item":"Bobble_PilotMale", "On":true, "Priority":1, "Health":1.000000 }, { "Slot":"VesselVoice", "Item":"VoicePack_Verity", "On":true, "Priority":1, "Health":1.000000 }, { "Slot":"ShipCockpit", "Item":"Type9_Cockpit", "On":true, "Priority":1, "Health":1.000000 }, { "Slot":"CargoHatch", "Item":"ModularCargoBayDoor", "On":true, "Priority":2, "Health":1.000000 } ] }
{ "timestamp":"2018-10-09T19:01:51Z", "event":"Location", "Docked":true, "MarketID":3224982016, "StationName":"Chelomey Orbital", "StationType":"Coriolis", "StarSystem":"Cubeo", "SystemAddress":2415692581235, "StarPos":[128.28125,-155.62500,84.21875], "SystemAllegiance":"Empire", "SystemEconomy":"$economy_Agri;", "SystemEconomy_Localised":"Landwirtschaft", "SystemSecondEconomy":"$economy_Industrial;", "SystemSecondEconomy_Localised":"Industrie", "SystemGovernment":"$government_Patronage;", "SystemGovernment_Localised":"Patronat", "SystemSecurity":"$SYSTEM_SECURITY_high;", "SystemSecurity_Localised":"Hohe Sicherheit", "Population":10016383528, "Body":"Chelomey Orbital", "BodyID":11, "BodyType":"Station", "Powers":[ "Aisling Duval" ], "PowerplayState":"HomeSystem", "Factions":[ { "Name":"Cubeo Patron's Principles", "FactionState":"CivilWar", "Government":"Patronage", "Influence":0.163000, "Allegiance":"Empire", "RecoveringStates":[ { "State":"Boom", "Trend":0 } ] }, { "Name":"Pilots Federation Local Branch", "FactionState":"None", "Government":"Democracy", "Influence":0.000000, "Allegiance":"PilotsFederation" }, { "Name":"Cubeo Silver Advanced Industries", "FactionState":"Boom", "Government":"Corporate", "Influence":0.052000, "Allegiance":"Independent" }, { "Name":"Cubeo Purple Deeds Ltd", "FactionState":"CivilWar", "Government":"Corporate", "Influence":0.149000, "Allegiance":"Empire", "RecoveringStates":[ { "State":"Boom", "Trend":0 } ] }, { "Name":"Cubeo Jet Council", "FactionState":"None", "Government":"Anarchy", "Influence":0.075000, "Allegiance":"Independent", "RecoveringStates":[ { "State":"Boom", "Trend":1 } ] }, { "Name":"Cubeo First", "FactionState":"Boom", "Government":"Dictatorship", "Influence":0.050000, "Allegiance":"Independent" }, { "Name":"Prismatic Imperium", "FactionState":"Boom", "Government":"Patronage", "Influence":0.511000, "Allegiance":"Empire" } ], "SystemFaction":"Prismatic Imperium", "FactionState":"Boom" }
{ "timestamp":"2018-10-09T19:01:51Z", "event":"Powerplay", "Power":"Aisling Duval", "Rank":1, "Merits":55, "Votes":0, "TimePledged":2406817 }
{ "timestamp":"2018-10-09T19:01:51Z", "event":"Statistics", "Bank_Account":{ "Current_Wealth":206645477, "Spent_On_Ships":170759598, "Spent_On_Outfitting":232303236, "Spent_On_Repairs":1219505, "Spent_On_Fuel":232802, "Spent_On_Ammo_Consumables":239771, "Insurance_Claims":38, "Spent_On_Insurance":24615571 }, "Combat":{ "Bounties_Claimed":359, "Bounty_Hunting_Profit":11059734, "Combat_Bonds":14, "Combat_Bond_Profits":251800, "Assassinations":0, "Assassination_Profits":0, "Highest_Single_Reward":35375, "Skimmers_Killed":0 }, "Crime":{ "Notoriety":0, "Fines":134, "Total_Fines":2612222, "Bounties_Received":16, "Total_Bounties":34300, "Highest_Bounty":6000 }, "Smuggling":{ "Black_Markets_Traded_With":5, "Black_Markets_Profits":4077946, "Resources_Smuggled":408, "Average_Profit":453105.11111111, "Highest_Single_Transaction":3755088 }, "Trading":{ "Markets_Traded_With":32, "Market_Profits":30928145, "Resources_Traded":15276, "Average_Profit":163640.97883598, "Highest_Single_Transaction":3035450 }, "Mining":{ "Mining_Profits":21206185, "Quantity_Mined":1066, "Materials_Collected":1519 }, "Exploration":{ "Systems_Visited":719, "Exploration_Profits":1211416, "Planets_Scanned_To_Level_2":3, "Planets_Scanned_To_Level_3":0, "Highest_Payout":191235, "Total_Hyperspace_Distance":22001, "Total_Hyperspace_Jumps":1571, "Greatest_Distance_From_Start":313.89716419155, "Time_Played":630900 }, "Passengers":{ "Passengers_Missions_Accepted":3, "Passengers_Missions_Bulk":23, "Passengers_Missions_VIP":0, "Passengers_Missions_Delivered":23, "Passengers_Missions_Ejected":0 }, "Search_And_Rescue":{ "SearchRescue_Traded":4, "SearchRescue_Profit":98612, "SearchRescue_Count":1 }, "Crafting":{ "Count_Of_Used_Engineers":1, "Recipes_Generated":14, "Recipes_Generated_Rank_1":9, "Recipes_Generated_Rank_2":5, "Recipes_Generated_Rank_3":0, "Recipes_Generated_Rank_4":0, "Recipes_Generated_Rank_5":0 }, "Crew":{ "NpcCrew_TotalWages":6278, "NpcCrew_Hired":1, "NpcCrew_Died":1 }, "Multicrew":{ "Multicrew_Time_Total":2803, "Multicrew_Gunner_Time_Total":2894, "Multicrew_Fighter_Time_Total":234, "Multicrew_Credits_Total":1104, "Multicrew_Fines_Total":0 }, "Material_Trader_Stats":{ "Trades_Completed":0, "Materials_Traded":0 }, "CQC":{ "CQC_Time_Played":0, "CQC_KD":0, "CQC_Kills":0, "CQC_WL":0 } }
{ "timestamp":"2018-10-09T19:01:51Z", "event":"Music", "MusicTrack":"NoTrack" }
{ "timestamp":"2018-10-09T19:01:51Z", "event":"Missions", "Active":[  ], "Failed":[  ], "Complete":[  ] }
{ "timestamp":"2018-10-09T19:01:51Z", "event":"Cargo", "Inventory":[  ] }
{ "timestamp":"2018-10-09T19:01:51Z", "event":"Docked", "StationName":"Chelomey Orbital", "StationType":"Coriolis", "StarSystem":"Cubeo", "SystemAddress":2415692581235, "MarketID":3224982016, "StationFaction":"Prismatic Imperium", "FactionState":"Boom", "StationGovernment":"$government_Patronage;", "StationGovernment_Localised":"Patronat", "StationAllegiance":"Empire", "StationServices":[ "Dock", "Autodock", "Commodities", "Contacts", "Exploration", "Missions", "Outfitting", "CrewLounge", "Rearm", "Refuel", "Repair", "Shipyard", "Tuning", "Workshop", "MissionsGenerated", "FlightController", "StationOperations", "Powerplay", "SearchAndRescue" ], "StationEconomy":"$economy_Agri;", "StationEconomy_Localised":"Landwirtschaft", "StationEconomies":[ { "Name":"$economy_Agri;", "Name_Localised":"Landwirtschaft", "Proportion":1.000000 } ], "DistFromStarLS":727.430542 }
{ "timestamp":"2018-10-09T19:01:51Z", "event":"Music", "MusicTrack":"Starport" }
{ "timestamp":"2018-10-09T19:02:07Z", "event":"RefuelAll", "Cost":170, "Amount":3.387562 }
{ "timestamp":"2018-10-09T19:02:08Z", "event":"BuyAmmo", "Cost":400 }
{ "timestamp":"2018-10-09T19:02:22Z", "event":"PowerplayCollect", "Power":"Aisling Duval", "Type":"$aislingmediamaterials_name;", "Type_Localised":"Aislings Medienmaterialien", "Count":15 }
{ "timestamp":"2018-10-09T19:02:33Z", "event":"PowerplayFastTrack", "Power":"Aisling Duval", "Cost":150000 }
{ "timestamp":"2018-10-09T19:02:38Z", "event":"PowerplayCollect", "Power":"Aisling Duval", "Type":"$aislingmediamaterials_name;", "Type_Localised":"Aislings Medienmaterialien", "Count":15 }
{ "timestamp":"2018-10-09T19:02:45Z", "event":"PowerplayFastTrack", "Power":"Aisling Duval", "Cost":150000 }
{ "timestamp":"2018-10-09T19:02:49Z", "event":"PowerplayCollect", "Power":"Aisling Duval", "Type":"$aislingmediamaterials_name;", "Type_Localised":"Aislings Medienmaterialien", "Count":15 }
{ "timestamp":"2018-10-09T19:02:52Z", "event":"PowerplayFastTrack", "Power":"Aisling Duval", "Cost":150000 }
{ "timestamp":"2018-10-09T19:02:54Z", "event":"PowerplayCollect", "Power":"Aisling Duval", "Type":"$aislingmediamaterials_name;", "Type_Localised":"Aislings Medienmaterialien", "Count":15 }
{ "timestamp":"2018-10-09T19:02:57Z", "event":"PowerplayFastTrack", "Power":"Aisling Duval", "Cost":150000 }
{ "timestamp":"2018-10-09T19:02:59Z", "event":"PowerplayCollect", "Power":"Aisling Duval", "Type":"$aislingmediamaterials_name;", "Type_Localised":"Aislings Medienmaterialien", "Count":15 }
{ "timestamp":"2018-10-09T19:03:02Z", "event":"PowerplayFastTrack", "Power":"Aisling Duval", "Cost":150000 }
{ "timestamp":"2018-10-09T19:03:04Z", "event":"PowerplayCollect", "Power":"Aisling Duval", "Type":"$aislingmediamaterials_name;", "Type_Localised":"Aislings Medienmaterialien", "Count":15 }
{ "timestamp":"2018-10-09T19:03:06Z", "event":"PowerplayFastTrack", "Power":"Aisling Duval", "Cost":150000 }
{ "timestamp":"2018-10-09T19:03:09Z", "event":"PowerplayCollect", "Power":"Aisling Duval", "Type":"$aislingmediamaterials_name;", "Type_Localised":"Aislings Medienmaterialien", "Count":15 }
{ "timestamp":"2018-10-09T19:03:11Z", "event":"PowerplayFastTrack", "Power":"Aisling Duval", "Cost":150000 }
{ "timestamp":"2018-10-09T19:03:13Z", "event":"PowerplayCollect", "Power":"Aisling Duval", "Type":"$aislingmediamaterials_name;", "Type_Localised":"Aislings Medienmaterialien", "Count":15 }
{ "timestamp":"2018-10-09T19:03:15Z", "event":"PowerplayFastTrack", "Power":"Aisling Duval", "Cost":150000 }
{ "timestamp":"2018-10-09T19:03:22Z", "event":"PowerplayCollect", "Power":"Aisling Duval", "Type":"$aislingmediamaterials_name;", "Type_Localised":"Aislings Medienmaterialien", "Count":15 }
{ "timestamp":"2018-10-09T19:03:25Z", "event":"PowerplayFastTrack", "Power":"Aisling Duval", "Cost":150000 }
{ "timestamp":"2018-10-09T19:03:31Z", "event":"PowerplayCollect", "Power":"Aisling Duval", "Type":"$aislingmediamaterials_name;", "Type_Localised":"Aislings Medienmaterialien", "Count":15 }
{ "timestamp":"2018-10-09T19:03:33Z", "event":"PowerplayFastTrack", "Power":"Aisling Duval", "Cost":150000 }
{ "timestamp":"2018-10-09T19:03:35Z", "event":"PowerplayCollect", "Power":"Aisling Duval", "Type":"$aislingmediamaterials_name;", "Type_Localised":"Aislings Medienmaterialien", "Count":15 }
{ "timestamp":"2018-10-09T19:03:37Z", "event":"PowerplayFastTrack", "Power":"Aisling Duval", "Cost":150000 }
{ "timestamp":"2018-10-09T19:03:39Z", "event":"PowerplayCollect", "Power":"Aisling Duval", "Type":"$aislingmediamaterials_name;", "Type_Localised":"Aislings Medienmaterialien", "Count":15 }
{ "timestamp":"2018-10-09T19:03:41Z", "event":"PowerplayFastTrack", "Power":"Aisling Duval", "Cost":150000 }
{ "timestamp":"2018-10-09T19:03:44Z", "event":"PowerplayCollect", "Power":"Aisling Duval", "Type":"$aislingmediamaterials_name;", "Type_Localised":"Aislings Medienmaterialien", "Count":15 }
{ "timestamp":"2018-10-09T19:03:46Z", "event":"PowerplayFastTrack", "Power":"Aisling Duval", "Cost":150000 }
{ "timestamp":"2018-10-09T19:03:48Z", "event":"PowerplayCollect", "Power":"Aisling Duval", "Type":"$aislingmediamaterials_name;", "Type_Localised":"Aislings Medienmaterialien", "Count":15 }
{ "timestamp":"2018-10-09T19:03:50Z", "event":"PowerplayFastTrack", "Power":"Aisling Duval", "Cost":150000 }
{ "timestamp":"2018-10-09T19:03:52Z", "event":"PowerplayCollect", "Power":"Aisling Duval", "Type":"$aislingmediamaterials_name;", "Type_Localised":"Aislings Medienmaterialien", "Count":15 }
{ "timestamp":"2018-10-09T19:03:54Z", "event":"PowerplayFastTrack", "Power":"Aisling Duval", "Cost":150000 }
{ "timestamp":"2018-10-09T19:03:55Z", "event":"PowerplayCollect", "Power":"Aisling Duval", "Type":"$aislingmediamaterials_name;", "Type_Localised":"Aislings Medienmaterialien", "Count":15 }
{ "timestamp":"2018-10-09T19:03:58Z", "event":"PowerplayFastTrack", "Power":"Aisling Duval", "Cost":150000 }
{ "timestamp":"2018-10-09T19:03:59Z", "event":"PowerplayCollect", "Power":"Aisling Duval", "Type":"$aislingmediamaterials_name;", "Type_Localised":"Aislings Medienmaterialien", "Count":15 }
{ "timestamp":"2018-10-09T19:04:01Z", "event":"PowerplayFastTrack", "Power":"Aisling Duval", "Cost":150000 }
{ "timestamp":"2018-10-09T19:04:03Z", "event":"PowerplayCollect", "Power":"Aisling Duval", "Type":"$aislingmediamaterials_name;", "Type_Localised":"Aislings Medienmaterialien", "Count":15 }
{ "timestamp":"2018-10-09T19:04:05Z", "event":"PowerplayFastTrack", "Power":"Aisling Duval", "Cost":150000 }
{ "timestamp":"2018-10-09T19:04:07Z", "event":"PowerplayCollect", "Power":"Aisling Duval", "Type":"$aislingmediamaterials_name;", "Type_Localised":"Aislings Medienmaterialien", "Count":15 }
{ "timestamp":"2018-10-09T19:04:09Z", "event":"PowerplayFastTrack", "Power":"Aisling Duval", "Cost":150000 }
{ "timestamp":"2018-10-09T19:04:11Z", "event":"PowerplayCollect", "Power":"Aisling Duval", "Type":"$aislingmediamaterials_name;", "Type_Localised":"Aislings Medienmaterialien", "Count":15 }
{ "timestamp":"2018-10-09T19:04:13Z", "event":"PowerplayFastTrack", "Power":"Aisling Duval", "Cost":150000 }
{ "timestamp":"2018-10-09T19:04:15Z", "event":"PowerplayCollect", "Power":"Aisling Duval", "Type":"$aislingmediamaterials_name;", "Type_Localised":"Aislings Medienmaterialien", "Count":15 }
{ "timestamp":"2018-10-09T19:04:16Z", "event":"PowerplayFastTrack", "Power":"Aisling Duval", "Cost":150000 }
{ "timestamp":"2018-10-09T19:04:18Z", "event":"PowerplayCollect", "Power":"Aisling Duval", "Type":"$aislingmediamaterials_name;", "Type_Localised":"Aislings Medienmaterialien", "Count":15 }
{ "timestamp":"2018-10-09T19:04:20Z", "event":"PowerplayFastTrack", "Power":"Aisling Duval", "Cost":150000 }
{ "timestamp":"2018-10-09T19:04:22Z", "event":"PowerplayCollect", "Power":"Aisling Duval", "Type":"$aislingmediamaterials_name;", "Type_Localised":"Aislings Medienmaterialien", "Count":15 }
{ "timestamp":"2018-10-09T19:04:23Z", "event":"PowerplayFastTrack", "Power":"Aisling Duval", "Cost":150000 }
{ "timestamp":"2018-10-09T19:04:25Z", "event":"PowerplayCollect", "Power":"Aisling Duval", "Type":"$aislingmediamaterials_name;", "Type_Localised":"Aislings Medienmaterialien", "Count":15 }
{ "timestamp":"2018-10-09T19:04:27Z", "event":"PowerplayFastTrack", "Power":"Aisling Duval", "Cost":150000 }
{ "timestamp":"2018-10-09T19:04:29Z", "event":"PowerplayCollect", "Power":"Aisling Duval", "Type":"$aislingmediamaterials_name;", "Type_Localised":"Aislings Medienmaterialien", "Count":15 }
{ "timestamp":"2018-10-09T19:04:31Z", "event":"PowerplayFastTrack", "Power":"Aisling Duval", "Cost":150000 }
{ "timestamp":"2018-10-09T19:04:35Z", "event":"PowerplayCollect", "Power":"Aisling Duval", "Type":"$aislingmediamaterials_name;", "Type_Localised":"Aislings Medienmaterialien", "Count":15 }
{ "timestamp":"2018-10-09T19:04:36Z", "event":"PowerplayFastTrack", "Power":"Aisling Duval", "Cost":150000 }
{ "timestamp":"2018-10-09T19:04:39Z", "event":"PowerplayCollect", "Power":"Aisling Duval", "Type":"$aislingmediamaterials_name;", "Type_Localised":"Aislings Medienmaterialien", "Count":15 }
{ "timestamp":"2018-10-09T19:04:40Z", "event":"PowerplayFastTrack", "Power":"Aisling Duval", "Cost":150000 }
{ "timestamp":"2018-10-09T19:04:42Z", "event":"PowerplayCollect", "Power":"Aisling Duval", "Type":"$aislingmediamaterials_name;", "Type_Localised":"Aislings Medienmaterialien", "Count":15 }
{ "timestamp":"2018-10-09T19:04:44Z", "event":"PowerplayFastTrack", "Power":"Aisling Duval", "Cost":150000 }
{ "timestamp":"2018-10-09T19:04:46Z", "event":"PowerplayCollect", "Power":"Aisling Duval", "Type":"$aislingmediamaterials_name;", "Type_Localised":"Aislings Medienmaterialien", "Count":15 }
{ "timestamp":"2018-10-09T19:04:48Z", "event":"PowerplayFastTrack", "Power":"Aisling Duval", "Cost":150000 }
{ "timestamp":"2018-10-09T19:04:50Z", "event":"PowerplayCollect", "Power":"Aisling Duval", "Type":"$aislingmediamaterials_name;", "Type_Localised":"Aislings Medienmaterialien", "Count":15 }
{ "timestamp":"2018-10-09T19:04:52Z", "event":"PowerplayFastTrack", "Power":"Aisling Duval", "Cost":150000 }
{ "timestamp":"2018-10-09T19:04:54Z", "event":"PowerplayCollect", "Power":"Aisling Duval", "Type":"$aislingmediamaterials_name;", "Type_Localised":"Aislings Medienmaterialien", "Count":15 }
{ "timestamp":"2018-10-09T19:04:55Z", "event":"PowerplayFastTrack", "Power":"Aisling Duval", "Cost":150000 }
{ "timestamp":"2018-10-09T19:04:57Z", "event":"PowerplayCollect", "Power":"Aisling Duval", "Type":"$aislingmediamaterials_name;", "Type_Localised":"Aislings Medienmaterialien", "Count":15 }
{ "timestamp":"2018-10-09T19:04:59Z", "event":"PowerplayFastTrack", "Power":"Aisling Duval", "Cost":150000 }
{ "timestamp":"2018-10-09T19:05:01Z", "event":"PowerplayCollect", "Power":"Aisling Duval", "Type":"$aislingmediamaterials_name;", "Type_Localised":"Aislings Medienmaterialien", "Count":15 }
{ "timestamp":"2018-10-09T19:05:02Z", "event":"PowerplayFastTrack", "Power":"Aisling Duval", "Cost":150000 }
{ "timestamp":"2018-10-09T19:05:04Z", "event":"PowerplayCollect", "Power":"Aisling Duval", "Type":"$aislingmediamaterials_name;", "Type_Localised":"Aislings Medienmaterialien", "Count":15 }
{ "timestamp":"2018-10-09T19:05:06Z", "event":"PowerplayFastTrack", "Power":"Aisling Duval", "Cost":150000 }
{ "timestamp":"2018-10-09T19:05:07Z", "event":"PowerplayCollect", "Power":"Aisling Duval", "Type":"$aislingmediamaterials_name;", "Type_Localised":"Aislings Medienmaterialien", "Count":15 }
{ "timestamp":"2018-10-09T19:05:09Z", "event":"PowerplayFastTrack", "Power":"Aisling Duval", "Cost":150000 }
{ "timestamp":"2018-10-09T19:05:11Z", "event":"PowerplayCollect", "Power":"Aisling Duval", "Type":"$aislingmediamaterials_name;", "Type_Localised":"Aislings Medienmaterialien", "Count":15 }
{ "timestamp":"2018-10-09T19:05:13Z", "event":"PowerplayFastTrack", "Power":"Aisling Duval", "Cost":150000 }
{ "timestamp":"2018-10-09T19:05:15Z", "event":"PowerplayCollect", "Power":"Aisling Duval", "Type":"$aislingmediamaterials_name;", "Type_Localised":"Aislings Medienmaterialien", "Count":15 }
{ "timestamp":"2018-10-09T19:05:16Z", "event":"PowerplayFastTrack", "Power":"Aisling Duval", "Cost":150000 }
{ "timestamp":"2018-10-09T19:05:18Z", "event":"PowerplayCollect", "Power":"Aisling Duval", "Type":"$aislingmediamaterials_name;", "Type_Localised":"Aislings Medienmaterialien", "Count":15 }
{ "timestamp":"2018-10-09T19:05:19Z", "event":"PowerplayFastTrack", "Power":"Aisling Duval", "Cost":150000 }
{ "timestamp":"2018-10-09T19:05:21Z", "event":"PowerplayCollect", "Power":"Aisling Duval", "Type":"$aislingmediamaterials_name;", "Type_Localised":"Aislings Medienmaterialien", "Count":15 }
{ "timestamp":"2018-10-09T19:05:23Z", "event":"PowerplayFastTrack", "Power":"Aisling Duval", "Cost":150000 }
{ "timestamp":"2018-10-09T19:05:25Z", "event":"PowerplayCollect", "Power":"Aisling Duval", "Type":"$aislingmediamaterials_name;", "Type_Localised":"Aislings Medienmaterialien", "Count":15 }
{ "timestamp":"2018-10-09T19:05:27Z", "event":"PowerplayFastTrack", "Power":"Aisling Duval", "Cost":150000 }
{ "timestamp":"2018-10-09T19:05:29Z", "event":"PowerplayCollect", "Power":"Aisling Duval", "Type":"$aislingmediamaterials_name;", "Type_Localised":"Aislings Medienmaterialien", "Count":15 }
{ "timestamp":"2018-10-09T19:05:31Z", "event":"PowerplayFastTrack", "Power":"Aisling Duval", "Cost":150000 }
{ "timestamp":"2018-10-09T19:05:33Z", "event":"PowerplayCollect", "Power":"Aisling Duval", "Type":"$aislingmediamaterials_name;", "Type_Localised":"Aislings Medienmaterialien", "Count":15 }
{ "timestamp":"2018-10-09T19:05:35Z", "event":"PowerplayFastTrack", "Power":"Aisling Duval", "Cost":150000 }
{ "timestamp":"2018-10-09T19:05:37Z", "event":"PowerplayCollect", "Power":"Aisling Duval", "Type":"$aislingmediamaterials_name;", "Type_Localised":"Aislings Medienmaterialien", "Count":15 }
{ "timestamp":"2018-10-09T19:05:38Z", "event":"PowerplayFastTrack", "Power":"Aisling Duval", "Cost":150000 }
{ "timestamp":"2018-10-09T19:05:40Z", "event":"PowerplayCollect", "Power":"Aisling Duval", "Type":"$aislingmediamaterials_name;", "Type_Localised":"Aislings Medienmaterialien", "Count":15 }
{ "timestamp":"2018-10-09T19:05:42Z", "event":"PowerplayFastTrack", "Power":"Aisling Duval", "Cost":150000 }
{ "timestamp":"2018-10-09T19:05:44Z", "event":"PowerplayCollect", "Power":"Aisling Duval", "Type":"$aislingmediamaterials_name;", "Type_Localised":"Aislings Medienmaterialien", "Count":15 }
{ "timestamp":"2018-10-09T19:05:45Z", "event":"PowerplayFastTrack", "Power":"Aisling Duval", "Cost":150000 }
{ "timestamp":"2018-10-09T19:05:53Z", "event":"PowerplayCollect", "Power":"Aisling Duval", "Type":"$aislingmediamaterials_name;", "Type_Localised":"Aislings Medienmaterialien", "Count":15 }
{ "timestamp":"2018-10-09T19:05:55Z", "event":"PowerplayFastTrack", "Power":"Aisling Duval", "Cost":150000 }
{ "timestamp":"2018-10-09T19:05:57Z", "event":"PowerplayCollect", "Power":"Aisling Duval", "Type":"$aislingmediamaterials_name;", "Type_Localised":"Aislings Medienmaterialien", "Count":15 }
{ "timestamp":"2018-10-09T19:06:00Z", "event":"PowerplayFastTrack", "Power":"Aisling Duval", "Cost":150000 }
{ "timestamp":"2018-10-09T19:06:06Z", "event":"PowerplayCollect", "Power":"Aisling Duval", "Type":"$aislingmediamaterials_name;", "Type_Localised":"Aislings Medienmaterialien", "Count":15 }
{ "timestamp":"2018-10-09T19:06:44Z", "event":"MissionAccepted", "Faction":"Cubeo Patron's Principles", "Name":"Mission_AltruismCredits", "LocalisedName":"750.000 CR für die Sache spenden", "Donation":"750000", "Expiry":"2018-10-09T22:28:02Z", "Wing":false, "Influence":"Med", "Reputation":"Med", "MissionID":424887867 }
{ "timestamp":"2018-10-09T19:06:45Z", "event":"MissionCompleted", "Faction":"Cubeo Patron's Principles", "Name":"Mission_AltruismCredits_name", "MissionID":424887867, "Donation":"750000", "Donation":750000, "FactionEffects":[ { "Faction":"Cubeo Patron's Principles", "Effects":[ { "Effect":"$MISSIONUTIL_Interaction_Summary_boom_up;", "Effect_Localised":"$#MinorFaction; erlebt ein Wachstum, das zu einem Wirtschaftsboom führen könnte.", "Trend":"UpGood" } ], "Influence":[ { "SystemAddress":2415692581235, "Trend":"UpGood" } ], "Reputation":"UpGood" } ] }
{ "timestamp":"2018-10-09T19:07:14Z", "event":"Music", "MusicTrack":"GalaxyMap" }
{ "timestamp":"2018-10-09T19:07:21Z", "event":"Music", "MusicTrack":"SystemMap" }
{ "timestamp":"2018-10-09T19:07:28Z", "event":"Music", "MusicTrack":"Starport" }
{ "timestamp":"2018-10-09T19:07:51Z", "event":"Undocked", "StationName":"Chelomey Orbital", "StationType":"Coriolis", "MarketID":3224982016 }
{ "timestamp":"2018-10-09T19:08:12Z", "event":"Music", "MusicTrack":"NoTrack" }
{ "timestamp":"2018-10-09T19:08:53Z", "event":"ReceiveText", "From":"Chelomey Orbital", "Message":"$STATION_NoFireZone_exited;", "Message_Localised":"Waffenfreie Zone verlassen.", "Channel":"npc" }
{ "timestamp":"2018-10-09T19:08:53Z", "event":"StartJump", "JumpType":"Hyperspace", "StarSystem":"Col 285 Sector XJ-O b20-4", "SystemAddress":9468657608137, "StarClass":"K" }
{ "timestamp":"2018-10-09T19:09:12Z", "event":"FSDJump", "StarSystem":"Col 285 Sector XJ-O b20-4", "SystemAddress":9468657608137, "StarPos":[122.46875,-153.06250,84.78125], "SystemAllegiance":"", "SystemEconomy":"$economy_None;", "SystemEconomy_Localised":"n/v", "SystemSecondEconomy":"$economy_None;", "SystemSecondEconomy_Localised":"n/v", "SystemGovernment":"$government_None;", "SystemGovernment_Localised":"n/v", "SystemSecurity":"$GAlAXY_MAP_INFO_state_anarchy;", "SystemSecurity_Localised":"Anarchie", "Population":0, "JumpDist":6.377, "FuelUsed":0.992475, "FuelLevel":63.007526 }
{ "timestamp":"2018-10-09T19:09:12Z", "event":"Powerplay", "Power":"Aisling Duval", "Rank":1, "Merits":55, "Votes":0, "TimePledged":2407258 }
{ "timestamp":"2018-10-09T19:09:12Z", "event":"Music", "MusicTrack":"Supercruise" }
{ "timestamp":"2018-10-09T19:09:53Z", "event":"StartJump", "JumpType":"Hyperspace", "StarSystem":"Col 285 Sector XJ-O b20-2", "SystemAddress":5070611097033, "StarClass":"M" }
{ "timestamp":"2018-10-09T19:09:59Z", "event":"Music", "MusicTrack":"NoTrack" }
{ "timestamp":"2018-10-09T19:10:12Z", "event":"FSDJump", "StarSystem":"Col 285 Sector XJ-O b20-2", "SystemAddress":5070611097033, "StarPos":[120.28125,-147.31250,80.87500], "SystemAllegiance":"", "SystemEconomy":"$economy_None;", "SystemEconomy_Localised":"n/v", "SystemSecondEconomy":"$economy_None;", "SystemSecondEconomy_Localised":"n/v", "SystemGovernment":"$government_None;", "SystemGovernment_Localised":"n/v", "SystemSecurity":"$GAlAXY_MAP_INFO_state_anarchy;", "SystemSecurity_Localised":"Anarchie", "Population":0, "JumpDist":7.287, "FuelUsed":1.402166, "FuelLevel":61.605362 }
{ "timestamp":"2018-10-09T19:10:12Z", "event":"Music", "MusicTrack":"Supercruise" }
{ "timestamp":"2018-10-09T19:10:51Z", "event":"StartJump", "JumpType":"Hyperspace", "StarSystem":"Shui Wei Sector DG-O b6-4", "SystemAddress":9468657673673, "StarClass":"M" }
{ "timestamp":"2018-10-09T19:10:56Z", "event":"Music", "MusicTrack":"NoTrack" }
{ "timestamp":"2018-10-09T19:11:09Z", "event":"FSDJump", "StarSystem":"Shui Wei Sector DG-O b6-4", "SystemAddress":9468657673673, "StarPos":[118.81250,-143.53125,77.59375], "SystemAllegiance":"", "SystemEconomy":"$economy_None;", "SystemEconomy_Localised":"n/v", "SystemSecondEconomy":"$economy_None;", "SystemSecondEconomy_Localised":"n/v", "SystemGovernment":"$government_None;", "SystemGovernment_Localised":"n/v", "SystemSecurity":"$GAlAXY_MAP_INFO_state_anarchy;", "SystemSecurity_Localised":"Anarchie", "Population":0, "JumpDist":5.217, "FuelUsed":0.587046, "FuelLevel":61.018314 }
{ "timestamp":"2018-10-09T19:11:09Z", "event":"Music", "MusicTrack":"Supercruise" }
{ "timestamp":"2018-10-09T19:11:50Z", "event":"StartJump", "JumpType":"Hyperspace", "StarSystem":"CD-70 19", "SystemAddress":358931665634, "StarClass":"K" }
{ "timestamp":"2018-10-09T19:11:55Z", "event":"Music", "MusicTrack":"NoTrack" }
{ "timestamp":"2018-10-09T19:12:09Z", "event":"FSDJump", "StarSystem":"CD-70 19", "SystemAddress":358931665634, "StarPos":[108.84375,-143.96875,78.25000], "SystemAllegiance":"Empire", "SystemEconomy":"$economy_Agri;", "SystemEconomy_Localised":"Landwirtschaft", "SystemSecondEconomy":"$economy_Colony;", "SystemSecondEconomy_Localised":"Kolonie", "SystemGovernment":"$government_Corporate;", "SystemGovernment_Localised":"Konzernpolitik", "SystemSecurity":"$SYSTEM_SECURITY_medium;", "SystemSecurity_Localised":"Mittlere Sicherheit", "Population":3107551693, "Powers":[ "Aisling Duval" ], "PowerplayState":"Exploited", "JumpDist":10.000, "FuelUsed":3.183658, "FuelLevel":57.834656, "Factions":[ { "Name":"CD-70 19 Imperial Society", "FactionState":"CivilWar", "Government":"Patronage", "Influence":0.091091, "Allegiance":"Empire" }, { "Name":"Purungurawn Purple Dynamic Comms", "FactionState":"None", "Government":"Corporate", "Influence":0.083083, "Allegiance":"Empire", "PendingStates":[ { "State":"Bust", "Trend":0 } ], "RecoveringStates":[ { "State":"Boom", "Trend":0 } ] }, { "Name":"Pilots Federation Local Branch", "FactionState":"None", "Government":"Democracy", "Influence":0.000000, "Allegiance":"PilotsFederation" }, { "Name":"Hernovacle Crimson Galactic Ltd", "FactionState":"None", "Government":"Corporate", "Influence":0.242242, "Allegiance":"Empire", "RecoveringStates":[ { "State":"Boom", "Trend":0 } ] }, { "Name":"CD-70 19 Advanced Co", "FactionState":"None", "Government":"Corporate", "Influence":0.159159, "Allegiance":"Empire", "PendingStates":[ { "State":"Boom", "Trend":1 } ] }, { "Name":"CD-70 19 Public Incorporated", "FactionState":"Boom", "Government":"Corporate", "Influence":0.236236, "Allegiance":"Empire" }, { "Name":"Green Party of CD-70 19", "FactionState":"Boom", "Government":"Democracy", "Influence":0.109109, "Allegiance":"Independent" }, { "Name":"CD-70 19 Purple Posse", "FactionState":"CivilWar", "Government":"Anarchy", "Influence":0.079079, "Allegiance":"Independent" } ], "SystemFaction":"CD-70 19 Advanced Co" }
{ "timestamp":"2018-10-09T19:12:09Z", "event":"Music", "MusicTrack":"Supercruise" }
{ "timestamp":"2018-10-09T19:12:39Z", "event":"StartJump", "JumpType":"Hyperspace", "StarSystem":"ICZ TY-R b4-2", "SystemAddress":5070342727105, "StarClass":"M" }
{ "timestamp":"2018-10-09T19:12:44Z", "event":"Music", "MusicTrack":"NoTrack" }
{ "timestamp":"2018-10-09T19:12:57Z", "event":"FSDJump", "StarSystem":"ICZ TY-R b4-2", "SystemAddress":5070342727105, "StarPos":[108.15625,-142.28125,68.12500], "SystemAllegiance":"", "SystemEconomy":"$economy_None;", "SystemEconomy_Localised":"n/v", "SystemSecondEconomy":"$economy_None;", "SystemSecondEconomy_Localised":"n/v", "SystemGovernment":"$government_None;", "SystemGovernment_Localised":"n/v", "SystemSecurity":"$GAlAXY_MAP_INFO_state_anarchy;", "SystemSecurity_Localised":"Anarchie", "Population":0, "JumpDist":10.288, "FuelUsed":3.412593, "FuelLevel":54.422062 }
{ "timestamp":"2018-10-09T19:12:57Z", "event":"Music", "MusicTrack":"Supercruise" }
{ "timestamp":"2018-10-09T19:13:41Z", "event":"StartJump", "JumpType":"Hyperspace", "StarSystem":"Sif", "SystemAddress":7269365982657, "StarClass":"TTS" }
{ "timestamp":"2018-10-09T19:13:46Z", "event":"Music", "MusicTrack":"NoTrack" }
{ "timestamp":"2018-10-09T19:13:59Z", "event":"FSDJump", "StarSystem":"Sif", "SystemAddress":7269365982657, "StarPos":[103.25000,-141.46875,65.28125], "SystemAllegiance":"Independent", "SystemEconomy":"$economy_Industrial;", "SystemEconomy_Localised":"Industrie", "SystemSecondEconomy":"$economy_Military;", "SystemSecondEconomy_Localised":"Militär", "SystemGovernment":"$government_Communism;", "SystemGovernment_Localised":"Kommunismus", "SystemSecurity":"$SYSTEM_SECURITY_medium;", "SystemSecurity_Localised":"Mittlere Sicherheit", "Population":3592853, "JumpDist":5.729, "FuelUsed":0.741309, "FuelLevel":53.680752, "Factions":[ { "Name":"Pilots Federation Local Branch", "FactionState":"None", "Government":"Democracy", "Influence":0.000000, "Allegiance":"PilotsFederation" }, { "Name":"Sif Purple Natural Industry", "FactionState":"Election", "Government":"Corporate", "Influence":0.114000, "Allegiance":"Empire", "PendingStates":[ { "State":"Outbreak", "Trend":0 } ], "RecoveringStates":[ { "State":"Boom", "Trend":0 } ] }, { "Name":"Sif Purple Crew", "FactionState":"Boom", "Government":"Anarchy", "Influence":0.021000, "Allegiance":"Independent" }, { "Name":"Workers of Sif Citizen Party", "FactionState":"Boom", "Government":"Communism", "Influence":0.400000, "Allegiance":"Independent" }, { "Name":"Kou Hua Empire League", "FactionState":"Boom", "Government":"Patronage", "Influence":0.129000, "Allegiance":"Empire" }, { "Name":"Sif League", "FactionState":"None", "Government":"Dictatorship", "Influence":0.129000, "Allegiance":"Empire" }, { "Name":"Sif & Co", "FactionState":"Election", "Government":"Corporate", "Influence":0.207000, "Allegiance":"Empire", "RecoveringStates":[ { "State":"Famine", "Trend":0 } ] } ], "SystemFaction":"Workers of Sif Citizen Party", "FactionState":"Boom" }
{ "timestamp":"2018-10-09T19:13:59Z", "event":"Music", "MusicTrack":"DestinationFromHyperspace" }
{ "timestamp":"2018-10-09T19:14:04Z", "event":"Music", "MusicTrack":"Supercruise" }
{ "timestamp":"2018-10-09T19:15:31Z", "event":"ReceiveText", "From":"$ShipName_PassengerLiner_Cruise;", "From_Localised":"Kreuzfahrtschiff", "Message":"$CruiseLiner_SCPatrol03;", "Message_Localised":"Unsere heutige Flugroute hält einige spektakuläre Aussichten bereit, unser Bordpersonal steht Ihnen gerne für weitere Informationen zur Verfügung.", "Channel":"npc" }
{ "timestamp":"2018-10-09T19:16:25Z", "event":"SupercruiseExit", "StarSystem":"Sif", "SystemAddress":7269365982657, "Body":"Denning Station", "BodyID":31, "BodyType":"Station" }
{ "timestamp":"2018-10-09T19:16:25Z", "event":"Music", "MusicTrack":"DestinationFromSupercruise" }
{ "timestamp":"2018-10-09T19:16:30Z", "event":"Music", "MusicTrack":"NoTrack" }
{ "timestamp":"2018-10-09T19:16:34Z", "event":"ReceiveText", "From":"Denning Station", "Message":"$STATION_NoFireZone_entered;", "Message_Localised":"Waffenfreie Zone betreten.", "Channel":"npc" }
{ "timestamp":"2018-10-09T19:16:40Z", "event":"DockingRequested", "MarketID":3225063680, "StationName":"Denning Station", "StationType":"Coriolis" }
{ "timestamp":"2018-10-09T19:16:41Z", "event":"ReceiveText", "From":"Denning Station", "Message":"$DockingChatter_Neutral;", "Message_Localised":"Stellen Sie sicher, dass Sie sich während des Aufenthaltes an die Vorschriften des Sternenhafens halten, Pilot.", "Channel":"npc" }
{ "timestamp":"2018-10-09T19:16:41Z", "event":"ReceiveText", "From":"Denning Station", "Message":"$STATION_docking_granted;", "Message_Localised":"Landeerlaubnis gewährt.", "Channel":"npc" }
{ "timestamp":"2018-10-09T19:16:41Z", "event":"DockingGranted", "LandingPad":9, "MarketID":3225063680, "StationName":"Denning Station", "StationType":"Coriolis" }
{ "timestamp":"2018-10-09T19:17:26Z", "event":"Scanned", "ScanType":"Cargo" }
{ "timestamp":"2018-10-09T19:17:26Z", "event":"ReceiveText", "From":"$ShipName_Police_Independent;", "From_Localised":"Schiff der Systembehörden", "Message":"$Police_ThankYouPassedStopAndSearch11;", "Message_Localised":"Diesmal haben wir nichts bei Ihnen gefunden.", "Channel":"npc" }
{ "timestamp":"2018-10-09T19:18:06Z", "event":"Music", "MusicTrack":"Starport" }
{ "timestamp":"2018-10-09T19:18:33Z", "event":"Docked", "StationName":"Denning Station", "StationType":"Coriolis", "StarSystem":"Sif", "SystemAddress":7269365982657, "MarketID":3225063680, "StationFaction":"Workers of Sif Citizen Party", "FactionState":"Boom", "StationGovernment":"$government_Communism;", "StationGovernment_Localised":"Kommunismus", "StationServices":[ "Dock", "Autodock", "BlackMarket", "Commodities", "Contacts", "Exploration", "Missions", "Outfitting", "CrewLounge", "Rearm", "Refuel", "Repair", "Shipyard", "Tuning", "Workshop", "MissionsGenerated", "FlightController", "StationOperations", "Powerplay", "SearchAndRescue" ], "StationEconomy":"$economy_Industrial;", "StationEconomy_Localised":"Industrie", "StationEconomies":[ { "Name":"$economy_Industrial;", "Name_Localised":"Industrie", "Proportion":1.000000 } ], "DistFromStarLS":655.725159 }
{ "timestamp":"2018-10-09T19:18:40Z", "event":"RefuelAll", "Cost":528, "Amount":10.548418 }
{ "timestamp":"2018-10-09T19:18:56Z", "event":"ReceiveText", "From":"$npc_name_decorate:#name=Dan Clone;", "From_Localised":"Dan Clone", "Message":"$Smuggler_NearDeath01;", "Message_Localised":"Schon gut. Nimm dir die Fracht. Mein leben ist mir mehr wert.", "Channel":"npc" }
{ "timestamp":"2018-10-09T19:19:38Z", "event":"PowerplayDeliver", "Power":"Aisling Duval", "Type":"$aislingmediamaterials_name;", "Type_Localised":"Aislings Medienmaterialien", "Count":720 }
{ "timestamp":"2018-10-09T19:19:57Z", "event":"ModuleInfo" }
{ "timestamp":"2018-10-09T19:20:08Z", "event":"Music", "MusicTrack":"GalacticPowers" }
{ "timestamp":"2018-10-09T19:20:10Z", "event":"Music", "MusicTrack":"Starport" }
{ "timestamp":"2018-10-09T19:20:10Z", "event":"Music", "MusicTrack":"GalacticPowers" }
{ "timestamp":"2018-10-09T19:21:00Z", "event":"Music", "MusicTrack":"GalaxyMap" }
{ "timestamp":"2018-10-09T19:25:03Z", "event":"ReceiveText", "From":"$npc_name_decorate:#name=Labuzov;", "From_Localised":"Labuzov", "Message":"$Commuter_AuthorityScan06;", "Message_Localised":"Was ist hier los, Officer?", "Channel":"npc" }
{ "timestamp":"2018-10-09T19:26:39Z", "event":"Music", "MusicTrack":"Starport" }
{ "timestamp":"2018-10-09T19:26:54Z", "event":"Undocked", "StationName":"Denning Station", "StationType":"Coriolis", "MarketID":3225063680 }
{ "timestamp":"2018-10-09T19:27:20Z", "event":"Music", "MusicTrack":"NoTrack" }
{ "timestamp":"2018-10-09T19:28:05Z", "event":"ReceiveText", "From":"Denning Station", "Message":"$STATION_NoFireZone_exited;", "Message_Localised":"Waffenfreie Zone verlassen.", "Channel":"npc" }
{ "timestamp":"2018-10-09T19:28:12Z", "event":"StartJump", "JumpType":"Hyperspace", "StarSystem":"ICZ TY-R b4-2", "SystemAddress":5070342727105, "StarClass":"M" }
{ "timestamp":"2018-10-09T19:28:31Z", "event":"FSDJump", "StarSystem":"ICZ TY-R b4-2", "SystemAddress":5070342727105, "StarPos":[108.15625,-142.28125,68.12500], "SystemAllegiance":"", "SystemEconomy":"$economy_None;", "SystemEconomy_Localised":"n/v", "SystemSecondEconomy":"$economy_None;", "SystemSecondEconomy_Localised":"n/v", "SystemGovernment":"$government_None;", "SystemGovernment_Localised":"n/v", "SystemSecurity":"$GAlAXY_MAP_INFO_state_anarchy;", "SystemSecurity_Localised":"Anarchie", "Population":0, "JumpDist":5.729, "FuelUsed":0.221436, "FuelLevel":63.778564 }
{ "timestamp":"2018-10-09T19:28:31Z", "event":"Powerplay", "Power":"Aisling Duval", "Rank":1, "Merits":775, "Votes":0, "TimePledged":2408417 }
{ "timestamp":"2018-10-09T19:28:31Z", "event":"Music", "MusicTrack":"Supercruise" }
{ "timestamp":"2018-10-09T19:29:05Z", "event":"StartJump", "JumpType":"Hyperspace", "StarSystem":"Iktock", "SystemAddress":13866435749313, "StarClass":"M" }
{ "timestamp":"2018-10-09T19:29:10Z", "event":"Music", "MusicTrack":"NoTrack" }
{ "timestamp":"2018-10-09T19:29:23Z", "event":"FSDJump", "StarSystem":"Iktock", "SystemAddress":13866435749313, "StarPos":[112.03125,-144.28125,66.37500], "SystemAllegiance":"Independent", "SystemEconomy":"$economy_Industrial;", "SystemEconomy_Localised":"Industrie", "SystemSecondEconomy":"$economy_Colony;", "SystemSecondEconomy_Localised":"Kolonie", "SystemGovernment":"$government_Communism;", "SystemGovernment_Localised":"Kommunismus", "SystemSecurity":"$SYSTEM_SECURITY_medium;", "SystemSecurity_Localised":"Mittlere Sicherheit", "Population":4705072, "Powers":[ "Aisling Duval" ], "PowerplayState":"Exploited", "JumpDist":4.699, "FuelUsed":0.132202, "FuelLevel":63.646362, "Factions":[ { "Name":"Pilots Federation Local Branch", "FactionState":"None", "Government":"Democracy", "Influence":0.000000, "Allegiance":"PilotsFederation" }, { "Name":"Hernovacle Crimson Galactic Ltd", "FactionState":"None", "Government":"Corporate", "Influence":0.182817, "Allegiance":"Empire", "RecoveringStates":[ { "State":"Boom", "Trend":0 } ] }, { "Name":"Dyestla Purple Travel Exchange", "FactionState":"None", "Government":"Corporate", "Influence":0.038961, "Allegiance":"Empire" }, { "Name":"Iktock Industry", "FactionState":"None", "Government":"Corporate", "Influence":0.179820, "Allegiance":"Empire", "RecoveringStates":[ { "State":"Boom", "Trend":0 } ] }, { "Name":"Iktock Bureau", "FactionState":"None", "Government":"Dictatorship", "Influence":0.010989, "Allegiance":"Empire" }, { "Name":"Iktock Jet Family", "FactionState":"None", "Government":"Anarchy", "Influence":0.011988, "Allegiance":"Independent" }, { "Name":"Kou Hua Empire League", "FactionState":"Boom", "Government":"Patronage", "Influence":0.147852, "Allegiance":"Empire" }, { "Name":"New Iktock Unionists", "FactionState":"None", "Government":"Communism", "Influence":0.427572, "Allegiance":"Independent", "RecoveringStates":[ { "State":"Boom", "Trend":1 } ] } ], "SystemFaction":"New Iktock Unionists" }
{ "timestamp":"2018-10-09T19:29:23Z", "event":"Music", "MusicTrack":"Supercruise" }
{ "timestamp":"2018-10-09T19:29:53Z", "event":"StartJump", "JumpType":"Hyperspace", "StarSystem":"Lambda-1 Tucanae", "SystemAddress":1900296505715, "StarClass":"F" }
{ "timestamp":"2018-10-09T19:29:58Z", "event":"Music", "MusicTrack":"NoTrack" }
{ "timestamp":"2018-10-09T19:30:11Z", "event":"FSDJump", "StarSystem":"Lambda-1 Tucanae", "SystemAddress":1900296505715, "StarPos":[116.65625,-153.15625,74.46875], "SystemAllegiance":"Empire", "SystemEconomy":"$economy_Agri;", "SystemEconomy_Localised":"Landwirtschaft", "SystemSecondEconomy":"$economy_Extraction;", "SystemSecondEconomy_Localised":"Abbau", "SystemGovernment":"$government_Patronage;", "SystemGovernment_Localised":"Patronat", "SystemSecurity":"$SYSTEM_SECURITY_high;", "SystemSecurity_Localised":"Hohe Sicherheit", "Population":8446853995, "Powers":[ "Aisling Duval" ], "PowerplayState":"Controlled", "JumpDist":12.871, "FuelUsed":1.815366, "FuelLevel":61.830997, "Factions":[ { "Name":"Ehlanda Citizens of Tradition", "FactionState":"None", "Government":"Patronage", "Influence":0.191191, "Allegiance":"Empire", "PendingStates":[ { "State":"Boom", "Trend":1 }, { "State":"Bust", "Trend":0 } ], "RecoveringStates":[ { "State":"Outbreak", "Trend":0 } ] }, { "Name":"Lambda-1 Tucanae Citizen's Party", "FactionState":"None", "Government":"Patronage", "Influence":0.320320, "Allegiance":"Empire", "PendingStates":[ { "State":"Outbreak", "Trend":1 } ] }, { "Name":"Purungurawn Purple Dynamic Comms", "FactionState":"None", "Government":"Corporate", "Influence":0.085085, "Allegiance":"Empire", "PendingStates":[ { "State":"Bust", "Trend":0 } ], "RecoveringStates":[ { "State":"Boom", "Trend":0 } ] }, { "Name":"Pilots Federation Local Branch", "FactionState":"None", "Government":"Democracy", "Influence":0.000000, "Allegiance":"PilotsFederation" }, { "Name":"Lambda-1 Tucanae Industry", "FactionState":"Boom", "Government":"Corporate", "Influence":0.173173, "Allegiance":"Empire", "PendingStates":[ { "State":"Outbreak", "Trend":1 } ] }, { "Name":"Lambda-1 Tucanae Organisation", "FactionState":"None", "Government":"Corporate", "Influence":0.095095, "Allegiance":"Independent", "RecoveringStates":[ { "State":"Boom", "Trend":1 } ] }, { "Name":"Lambda-1 Tucanae Progressive Party", "FactionState":"Boom", "Government":"Democracy", "Influence":0.070070, "Allegiance":"Independent" }, { "Name":"Raiders of Lambda-1 Tucanae", "FactionState":"Boom", "Government":"Anarchy", "Influence":0.065065, "Allegiance":"Independent", "RecoveringStates":[ { "State":"Outbreak", "Trend":0 } ] } ], "SystemFaction":"Lambda-1 Tucanae Citizen's Party" }
{ "timestamp":"2018-10-09T19:30:11Z", "event":"Music", "MusicTrack":"Supercruise" }
{ "timestamp":"2018-10-09T19:30:37Z", "event":"StartJump", "JumpType":"Hyperspace", "StarSystem":"Purungurawn", "SystemAddress":2871587841481, "StarClass":"M" }
{ "timestamp":"2018-10-09T19:30:42Z", "event":"Music", "MusicTrack":"NoTrack" }
{ "timestamp":"2018-10-09T19:30:56Z", "event":"FSDJump", "StarSystem":"Purungurawn", "SystemAddress":2871587841481, "StarPos":[115.62500,-152.87500,75.37500], "SystemAllegiance":"Empire", "SystemEconomy":"$economy_Industrial;", "SystemEconomy_Localised":"Industrie", "SystemSecondEconomy":"$economy_None;", "SystemSecondEconomy_Localised":"n/v", "SystemGovernment":"$government_Corporate;", "SystemGovernment_Localised":"Konzernpolitik", "SystemSecurity":"$SYSTEM_SECURITY_medium;", "SystemSecurity_Localised":"Mittlere Sicherheit", "Population":3722856, "Powers":[ "Aisling Duval" ], "PowerplayState":"Exploited", "JumpDist":1.401, "FuelUsed":0.005666, "FuelLevel":61.825333, "Factions":[ { "Name":"Ehlanda Citizens of Tradition", "FactionState":"War", "Government":"Patronage", "Influence":0.115884, "Allegiance":"Empire", "PendingStates":[ { "State":"Boom", "Trend":1 }, { "State":"Bust", "Trend":0 } ], "RecoveringStates":[ { "State":"Outbreak", "Trend":0 } ] }, { "Name":"Purungurawn Purple Dynamic Comms", "FactionState":"None", "Government":"Corporate", "Influence":0.261738, "Allegiance":"Empire", "PendingStates":[ { "State":"Bust", "Trend":0 } ], "RecoveringStates":[ { "State":"Boom", "Trend":0 } ] }, { "Name":"Pilots Federation Local Branch", "FactionState":"None", "Government":"Democracy", "Influence":0.000000, "Allegiance":"PilotsFederation" }, { "Name":"CD-70 19 Advanced Co", "FactionState":"War", "Government":"Corporate", "Influence":0.067932, "Allegiance":"Empire", "PendingStates":[ { "State":"Boom", "Trend":1 } ] }, { "Name":"League of Purungurawn Liberty Party", "FactionState":"Boom", "Government":"Dictatorship", "Influence":0.187812, "Allegiance":"Independent" }, { "Name":"Purungurawn Purple Society", "FactionState":"Boom", "Government":"Anarchy", "Influence":0.131868, "Allegiance":"Independent", "PendingStates":[ { "State":"Bust", "Trend":0 } ] }, { "Name":"New Purungurawn Unionists", "FactionState":"Boom", "Government":"Communism", "Influence":0.234765, "Allegiance":"Independent" } ], "SystemFaction":"Purungurawn Purple Dynamic Comms" }
{ "timestamp":"2018-10-09T19:30:56Z", "event":"Music", "MusicTrack":"Supercruise" }
{ "timestamp":"2018-10-09T19:31:32Z", "event":"StartJump", "JumpType":"Hyperspace", "StarSystem":"Col 285 Sector XJ-O b20-4", "SystemAddress":9468657608137, "StarClass":"K" }
{ "timestamp":"2018-10-09T19:31:37Z", "event":"Music", "MusicTrack":"NoTrack" }
{ "timestamp":"2018-10-09T19:31:51Z", "event":"FSDJump", "StarSystem":"Col 285 Sector XJ-O b20-4", "SystemAddress":9468657608137, "StarPos":[122.46875,-153.06250,84.78125], "SystemAllegiance":"", "SystemEconomy":"$economy_None;", "SystemEconomy_Localised":"n/v", "SystemSecondEconomy":"$economy_None;", "SystemSecondEconomy_Localised":"n/v", "SystemGovernment":"$government_None;", "SystemGovernment_Localised":"n/v", "SystemSecurity":"$GAlAXY_MAP_INFO_state_anarchy;", "SystemSecurity_Localised":"Anarchie", "Population":0, "JumpDist":11.634, "FuelUsed":1.390415, "FuelLevel":60.434917 }
{ "timestamp":"2018-10-09T19:31:51Z", "event":"Music", "MusicTrack":"Supercruise" }
{ "timestamp":"2018-10-09T19:32:17Z", "event":"HeatWarning" }
{ "timestamp":"2018-10-09T19:32:17Z", "event":"StartJump", "JumpType":"Hyperspace", "StarSystem":"Cubeo", "SystemAddress":2415692581235, "StarClass":"F" }
{ "timestamp":"2018-10-09T19:32:22Z", "event":"Music", "MusicTrack":"NoTrack" }
{ "timestamp":"2018-10-09T19:32:35Z", "event":"FSDJump", "StarSystem":"Cubeo", "SystemAddress":2415692581235, "StarPos":[128.28125,-155.62500,84.21875], "SystemAllegiance":"Empire", "SystemEconomy":"$economy_Agri;", "SystemEconomy_Localised":"Landwirtschaft", "SystemSecondEconomy":"$economy_Industrial;", "SystemSecondEconomy_Localised":"Industrie", "SystemGovernment":"$government_Patronage;", "SystemGovernment_Localised":"Patronat", "SystemSecurity":"$SYSTEM_SECURITY_high;", "SystemSecurity_Localised":"Hohe Sicherheit", "Population":10016383528, "Powers":[ "Aisling Duval" ], "PowerplayState":"HomeSystem", "JumpDist":6.377, "FuelUsed":0.290381, "FuelLevel":60.144535, "Factions":[ { "Name":"Cubeo Patron's Principles", "FactionState":"CivilWar", "Government":"Patronage", "Influence":0.163000, "Allegiance":"Empire", "RecoveringStates":[ { "State":"Boom", "Trend":0 } ] }, { "Name":"Pilots Federation Local Branch", "FactionState":"None", "Government":"Democracy", "Influence":0.000000, "Allegiance":"PilotsFederation" }, { "Name":"Cubeo Silver Advanced Industries", "FactionState":"Boom", "Government":"Corporate", "Influence":0.052000, "Allegiance":"Independent" }, { "Name":"Cubeo Purple Deeds Ltd", "FactionState":"CivilWar", "Government":"Corporate", "Influence":0.149000, "Allegiance":"Empire", "RecoveringStates":[ { "State":"Boom", "Trend":0 } ] }, { "Name":"Cubeo Jet Council", "FactionState":"None", "Government":"Anarchy", "Influence":0.075000, "Allegiance":"Independent", "RecoveringStates":[ { "State":"Boom", "Trend":1 } ] }, { "Name":"Cubeo First", "FactionState":"Boom", "Government":"Dictatorship", "Influence":0.050000, "Allegiance":"Independent" }, { "Name":"Prismatic Imperium", "FactionState":"Boom", "Government":"Patronage", "Influence":0.511000, "Allegiance":"Empire" } ], "SystemFaction":"Prismatic Imperium", "FactionState":"Boom" }
{ "timestamp":"2018-10-09T19:32:36Z", "event":"HeatWarning" }
{ "timestamp":"2018-10-09T19:32:36Z", "event":"Music", "MusicTrack":"Supercruise" }
{ "timestamp":"2018-10-09T19:35:27Z", "event":"SupercruiseExit", "StarSystem":"Cubeo", "SystemAddress":2415692581235, "Body":"Chelomey Orbital", "BodyID":11, "BodyType":"Station" }
{ "timestamp":"2018-10-09T19:35:28Z", "event":"Music", "MusicTrack":"DestinationFromSupercruise" }
{ "timestamp":"2018-10-09T19:35:33Z", "event":"Music", "MusicTrack":"NoTrack" }
{ "timestamp":"2018-10-09T19:35:38Z", "event":"ReceiveText", "From":"Chelomey Orbital", "Message":"$STATION_NoFireZone_entered;", "Message_Localised":"Waffenfreie Zone betreten.", "Channel":"npc" }
{ "timestamp":"2018-10-09T19:35:41Z", "event":"DockingRequested", "MarketID":3224982016, "StationName":"Chelomey Orbital", "StationType":"Coriolis" }
{ "timestamp":"2018-10-09T19:35:42Z", "event":"ReceiveText", "From":"Chelomey Orbital", "Message":"$DockingChatter_Allied;", "Message_Localised":"So ein Verbündeter ist hier stets gern gesehen.", "Channel":"npc" }
{ "timestamp":"2018-10-09T19:35:42Z", "event":"ReceiveText", "From":"Chelomey Orbital", "Message":"$STATION_docking_granted;", "Message_Localised":"Landeerlaubnis gewährt.", "Channel":"npc" }
{ "timestamp":"2018-10-09T19:35:42Z", "event":"DockingGranted", "LandingPad":39, "MarketID":3224982016, "StationName":"Chelomey Orbital", "StationType":"Coriolis" }
{ "timestamp":"2018-10-09T19:36:23Z", "event":"Scanned", "ScanType":"Cargo" }
{ "timestamp":"2018-10-09T19:36:38Z", "event":"ReceiveText", "From":"$npc_name_decorate:#name=Boggerson Dorsen;", "From_Localised":"Boggerson Dorsen", "Message":"$Commuter_HostileScan01;", "Message_Localised":"Stoppen Sie sofort diesen unerlaubten Scan unseres Schiffes!", "Channel":"npc" }
{ "timestamp":"2018-10-09T19:39:06Z", "event":"Music", "MusicTrack":"Starport" }
{ "timestamp":"2018-10-09T19:39:34Z", "event":"Docked", "StationName":"Chelomey Orbital", "StationType":"Coriolis", "StarSystem":"Cubeo", "SystemAddress":2415692581235, "MarketID":3224982016, "StationFaction":"Prismatic Imperium", "FactionState":"Boom", "StationGovernment":"$government_Patronage;", "StationGovernment_Localised":"Patronat", "StationAllegiance":"Empire", "StationServices":[ "Dock", "Autodock", "Commodities", "Contacts", "Exploration", "Missions", "Outfitting", "CrewLounge", "Rearm", "Refuel", "Repair", "Shipyard", "Tuning", "Workshop", "MissionsGenerated", "FlightController", "StationOperations", "Powerplay", "SearchAndRescue" ], "StationEconomy":"$economy_Agri;", "StationEconomy_Localised":"Landwirtschaft", "StationEconomies":[ { "Name":"$economy_Agri;", "Name_Localised":"Landwirtschaft", "Proportion":1.000000 } ], "DistFromStarLS":727.412537 }
{ "timestamp":"2018-10-09T19:40:24Z", "event":"RepairAll", "Cost":62 }
{ "timestamp":"2018-10-09T19:40:25Z", "event":"RefuelAll", "Cost":207, "Amount":4.115630 }
{ "timestamp":"2018-10-09T19:41:11Z", "event":"MissionAccepted", "Faction":"Prismatic Imperium", "Name":"Mission_Delivery_Boom", "LocalisedName":"Wirtschaftsboomlieferung: 120 Einheiten Wein", "Commodity":"$Wine_Name;", "Commodity_Localised":"Wein", "Count":120, "TargetFaction":"HIP 5623 Crimson United Services", "DestinationSystem":"HIP 5623", "DestinationStation":"Stross Installation", "Expiry":"2018-10-10T19:40:27Z", "Wing":false, "Influence":"Med", "Reputation":"Med", "Reward":1374076, "MissionID":424896068 }
{ "timestamp":"2018-10-09T19:41:20Z", "event":"MissionAccepted", "Faction":"Prismatic Imperium", "Name":"Mission_Delivery_Boom", "LocalisedName":"Wirtschaftsboomlieferung: 180 Einheiten Spirituosen", "Commodity":"$Liquor_Name;", "Commodity_Localised":"Spirituosen", "Count":180, "TargetFaction":"HIP 5623 Crimson United Services", "DestinationSystem":"HIP 5623", "DestinationStation":"Temple Works", "Expiry":"2018-10-10T19:40:26Z", "Wing":false, "Influence":"Med", "Reputation":"Med", "Reward":1660060, "MissionID":424896099 }
{ "timestamp":"2018-10-09T19:41:34Z", "event":"CargoDepot", "MissionID":424896068, "UpdateType":"Collect", "CargoType":"Wine", "CargoType_Localised":"Wein", "Count":120, "StartMarketID":3224982016, "EndMarketID":3517093632, "ItemsCollected":120, "ItemsDelivered":0, "TotalItemsToDeliver":120, "Progress":1.000000 }
{ "timestamp":"2018-10-09T19:41:40Z", "event":"CargoDepot", "MissionID":424896099, "UpdateType":"Collect", "CargoType":"Liquor", "CargoType_Localised":"Spirituosen", "Count":180, "StartMarketID":3224982016, "EndMarketID":3517094144, "ItemsCollected":180, "ItemsDelivered":0, "TotalItemsToDeliver":180, "Progress":1.000000 }
{ "timestamp":"2018-10-09T19:42:07Z", "event":"MissionAccepted", "Faction":"Cubeo Patron's Principles", "Name":"Mission_Delivery", "LocalisedName":"10 Einheiten liefern: Bier", "Commodity":"$Beer_Name;", "Commodity_Localised":"Bier", "Count":10, "TargetFaction":"HIP 5623 Crimson United Services", "DestinationSystem":"HIP 5623", "DestinationStation":"d'Arrest Ring", "Expiry":"2018-10-10T19:40:27Z", "Wing":false, "Influence":"Med", "Reputation":"Med", "Reward":150272, "MissionID":424896243 }
{ "timestamp":"2018-10-09T19:42:13Z", "event":"MissionAccepted", "Faction":"Cubeo Patron's Principles", "Name":"Mission_Delivery", "LocalisedName":"18 Einheiten liefern: Bier", "Commodity":"$Beer_Name;", "Commodity_Localised":"Bier", "Count":18, "TargetFaction":"HIP 5623 Crimson United Services", "DestinationSystem":"HIP 5623", "DestinationStation":"Gunter Station", "Expiry":"2018-10-10T19:40:27Z", "Wing":false, "Influence":"Med", "Reputation":"Med", "Reward":219928, "MissionID":424896265 }
{ "timestamp":"2018-10-09T19:42:19Z", "event":"MissionAccepted", "Faction":"Cubeo Patron's Principles", "Name":"Mission_Delivery", "LocalisedName":"27 Einheiten liefern: Bier", "Commodity":"$Beer_Name;", "Commodity_Localised":"Bier", "Count":27, "TargetFaction":"HIP 5623 Crimson United Services", "DestinationSystem":"HIP 5623", "DestinationStation":"Gunter Station", "Expiry":"2018-10-10T19:40:26Z", "Wing":false, "Influence":"Med", "Reputation":"Med", "Reward":221089, "MissionID":424896284 }
{ "timestamp":"2018-10-09T19:42:29Z", "event":"CargoDepot", "MissionID":424896243, "UpdateType":"Collect", "CargoType":"Beer", "CargoType_Localised":"Bier", "Count":10, "StartMarketID":3224982016, "EndMarketID":3224970496, "ItemsCollected":10, "ItemsDelivered":0, "TotalItemsToDeliver":10, "Progress":1.000000 }
{ "timestamp":"2018-10-09T19:42:34Z", "event":"CargoDepot", "MissionID":424896265, "UpdateType":"Collect", "CargoType":"Beer", "CargoType_Localised":"Bier", "Count":18, "StartMarketID":3224982016, "EndMarketID":3224970240, "ItemsCollected":18, "ItemsDelivered":0, "TotalItemsToDeliver":18, "Progress":1.000000 }
{ "timestamp":"2018-10-09T19:42:42Z", "event":"CargoDepot", "MissionID":424896284, "UpdateType":"Collect", "CargoType":"Beer", "CargoType_Localised":"Bier", "Count":27, "StartMarketID":3224982016, "EndMarketID":3224970240, "ItemsCollected":27, "ItemsDelivered":0, "TotalItemsToDeliver":27, "Progress":1.000000 }
{ "timestamp":"2018-10-09T19:44:46Z", "event":"MissionAccepted", "Faction":"Cubeo Purple Deeds Ltd", "Name":"Mission_Delivery", "LocalisedName":"108 Einheiten liefern: Wein", "Commodity":"$Wine_Name;", "Commodity_Localised":"Wein", "Count":108, "TargetFaction":"HIP 5623 Crimson United Services", "DestinationSystem":"HIP 5623", "DestinationStation":"Temple Works", "Expiry":"2018-10-10T19:40:27Z", "Wing":false, "Influence":"Med", "Reputation":"Med", "Reward":911147, "MissionID":424896838 }
{ "timestamp":"2018-10-09T19:44:55Z", "event":"MissionAccepted", "Faction":"Cubeo Purple Deeds Ltd", "Name":"Mission_Delivery", "LocalisedName":"72 Einheiten liefern: Wein", "Commodity":"$Wine_Name;", "Commodity_Localised":"Wein", "Count":72, "TargetFaction":"HIP 5623 Crimson United Services", "DestinationSystem":"HIP 5623", "DestinationStation":"Stross Installation", "Expiry":"2018-10-10T19:40:27Z", "Wing":false, "Influence":"Med", "Reputation":"Med", "Reward":886436, "MissionID":424896881 }
{ "timestamp":"2018-10-09T19:45:10Z", "event":"CargoDepot", "MissionID":424896838, "UpdateType":"Collect", "CargoType":"Wine", "CargoType_Localised":"Wein", "Count":108, "StartMarketID":3224982016, "EndMarketID":3517094144, "ItemsCollected":108, "ItemsDelivered":0, "TotalItemsToDeliver":108, "Progress":1.000000 }
{ "timestamp":"2018-10-09T19:45:15Z", "event":"CargoDepot", "MissionID":424896881, "UpdateType":"Collect", "CargoType":"Wine", "CargoType_Localised":"Wein", "Count":72, "StartMarketID":3224982016, "EndMarketID":3517093632, "ItemsCollected":72, "ItemsDelivered":0, "TotalItemsToDeliver":72, "Progress":1.000000 }
{ "timestamp":"2018-10-09T19:45:17Z", "event":"ModuleInfo" }
{ "timestamp":"2018-10-09T19:45:26Z", "event":"MissionAccepted", "Faction":"Cubeo Jet Council", "Name":"Mission_Delivery_Agriculture", "LocalisedName":"Landwirtschaftsnachschub: 60 Einheiten Bier", "Commodity":"$Beer_Name;", "Commodity_Localised":"Bier", "Count":60, "TargetFaction":"Cartel of HIP 5700", "DestinationSystem":"HIP 5700", "DestinationStation":"Wallis Lab", "Expiry":"2018-10-10T19:40:27Z", "Wing":false, "Influence":"Med", "Reputation":"Med", "Reward":672544, "MissionID":424896999 }
{ "timestamp":"2018-10-09T19:45:47Z", "event":"MissionAbandoned", "Name":"Mission_Delivery_Agriculture_name", "MissionID":424896999 }
{ "timestamp":"2018-10-09T19:45:59Z", "event":"MissionAccepted", "Faction":"Cubeo Silver Advanced Industries", "Name":"Mission_Delivery_Boom", "LocalisedName":"Wirtschaftsboomlieferung: 42 Einheiten Bier", "Commodity":"$Beer_Name;", "Commodity_Localised":"Bier", "Count":42, "TargetFaction":"HIP 5623 Crimson United Services", "DestinationSystem":"HIP 5623", "DestinationStation":"Gunter Station", "Expiry":"2018-10-10T19:40:27Z", "Wing":false, "Influence":"Med", "Reputation":"Med", "Reward":542560, "MissionID":424897145 }
{ "timestamp":"2018-10-09T19:46:10Z", "event":"MissionAccepted", "Faction":"Cubeo Silver Advanced Industries", "Name":"Mission_Delivery_Boom", "LocalisedName":"Wirtschaftsboomlieferung: 90 Einheiten Bier", "Commodity":"$Beer_Name;", "Commodity_Localised":"Bier", "Count":90, "TargetFaction":"HIP 5623 Crimson United Services", "DestinationSystem":"HIP 5623", "DestinationStation":"Temple Works", "Expiry":"2018-10-10T19:40:27Z", "Wing":false, "Influence":"Med", "Reputation":"Med", "Reward":992638, "MissionID":424897194 }
{ "timestamp":"2018-10-09T19:46:14Z", "event":"MissionAccepted", "Faction":"Cubeo Silver Advanced Industries", "Name":"Mission_Delivery_Boom", "LocalisedName":"Wirtschaftsboomlieferung: 66 Einheiten Bier", "Commodity":"$Beer_Name;", "Commodity_Localised":"Bier", "Count":66, "TargetFaction":"HIP 5623 Crimson United Services", "DestinationSystem":"HIP 5623", "DestinationStation":"Stross Installation", "Expiry":"2018-10-10T19:40:27Z", "Wing":false, "Influence":"Med", "Reputation":"Med", "Reward":763438, "MissionID":424897212 }
{ "timestamp":"2018-10-09T19:46:21Z", "event":"CargoDepot", "MissionID":424897212, "UpdateType":"Collect", "CargoType":"Beer", "CargoType_Localised":"Bier", "Count":66, "StartMarketID":3224982016, "EndMarketID":3517093632, "ItemsCollected":66, "ItemsDelivered":0, "TotalItemsToDeliver":66, "Progress":1.000000 }
{ "timestamp":"2018-10-09T19:46:26Z", "event":"CargoDepot", "MissionID":424897194, "UpdateType":"Collect", "CargoType":"Beer", "CargoType_Localised":"Bier", "Count":90, "StartMarketID":3224982016, "EndMarketID":3517094144, "ItemsCollected":90, "ItemsDelivered":0, "TotalItemsToDeliver":90, "Progress":1.000000 }
{ "timestamp":"2018-10-09T19:46:39Z", "event":"CargoDepot", "MissionID":424897145, "UpdateType":"Collect", "CargoType":"Beer", "CargoType_Localised":"Bier", "Count":29, "StartMarketID":3224982016, "EndMarketID":3224970240, "ItemsCollected":29, "ItemsDelivered":0, "TotalItemsToDeliver":42, "Progress":0.690476 }
{ "timestamp":"2018-10-09T19:46:57Z", "event":"Music", "MusicTrack":"GalaxyMap" }
{ "timestamp":"2018-10-09T19:47:57Z", "event":"Music", "MusicTrack":"SystemMap" }
{ "timestamp":"2018-10-09T19:48:09Z", "event":"Music", "MusicTrack":"Starport" }
{ "timestamp":"2018-10-09T19:48:24Z", "event":"Undocked", "StationName":"Chelomey Orbital", "StationType":"Coriolis", "MarketID":3224982016 }
{ "timestamp":"2018-10-09T19:48:45Z", "event":"Music", "MusicTrack":"NoTrack" }
{ "timestamp":"2018-10-09T19:49:54Z", "event":"ReceiveText", "From":"Chelomey Orbital", "Message":"$STATION_NoFireZone_exited;", "Message_Localised":"Waffenfreie Zone verlassen.", "Channel":"npc" }
{ "timestamp":"2018-10-09T19:50:35Z", "event":"StartJump", "JumpType":"Hyperspace", "StarSystem":"HIP 5623", "SystemAddress":319748540787, "StarClass":"F" }
{ "timestamp":"2018-10-09T19:50:53Z", "event":"FSDJump", "StarSystem":"HIP 5623", "SystemAddress":319748540787, "StarPos":[131.34375,-144.59375,78.25000], "SystemAllegiance":"Empire", "SystemEconomy":"$economy_Agri;", "SystemEconomy_Localised":"Landwirtschaft", "SystemSecondEconomy":"$economy_Tourism;", "SystemSecondEconomy_Localised":"Tourismus", "SystemGovernment":"$government_Patronage;", "SystemGovernment_Localised":"Patronat", "SystemSecurity":"$SYSTEM_SECURITY_medium;", "SystemSecurity_Localised":"Mittlere Sicherheit", "Population":3145086169, "Powers":[ "Aisling Duval" ], "PowerplayState":"Exploited", "JumpDist":12.911, "FuelUsed":6.211337, "FuelLevel":57.788662, "Factions":[ { "Name":"HIP 5623 Empire Group", "FactionState":"Boom", "Government":"Patronage", "Influence":0.132000, "Allegiance":"Empire", "RecoveringStates":[ { "State":"Outbreak", "Trend":0 } ] }, { "Name":"Pilots Federation Local Branch", "FactionState":"None", "Government":"Democracy", "Influence":0.000000, "Allegiance":"PilotsFederation" }, { "Name":"Tumuzgo Empire League", "FactionState":"Boom", "Government":"Patronage", "Influence":0.112000, "Allegiance":"Empire" }, { "Name":"HIP 5623 Crimson United Services", "FactionState":"Bust", "Government":"Corporate", "Influence":0.501000, "Allegiance":"Empire", "PendingStates":[ { "State":"Boom", "Trend":1 } ] }, { "Name":"HIP 5623 Dynamic Ltd", "FactionState":"Boom", "Government":"Corporate", "Influence":0.175000, "Allegiance":"Independent", "RecoveringStates":[ { "State":"Outbreak", "Trend":0 } ] }, { "Name":"Liberals of HIP 5623", "FactionState":"Boom", "Government":"Democracy", "Influence":0.059000, "Allegiance":"Independent" }, { "Name":"HIP 5623 Silver Cartel", "FactionState":"None", "Government":"Anarchy", "Influence":0.021000, "Allegiance":"Independent", "PendingStates":[ { "State":"Boom", "Trend":1 }, { "State":"Bust", "Trend":-1 } ], "RecoveringStates":[ { "State":"Outbreak", "Trend":0 } ] } ], "SystemFaction":"HIP 5623 Empire Group", "FactionState":"Boom" }
{ "timestamp":"2018-10-09T19:50:53Z", "event":"Powerplay", "Power":"Aisling Duval", "Rank":1, "Merits":775, "Votes":0, "TimePledged":2409759 }
{ "timestamp":"2018-10-09T19:50:53Z", "event":"Music", "MusicTrack":"DestinationFromHyperspace" }
{ "timestamp":"2018-10-09T19:50:58Z", "event":"Music", "MusicTrack":"Supercruise" }
{ "timestamp":"2018-10-09T19:51:21Z", "event":"ReceiveText", "From":"$npc_name_decorate:#name=Morten Leerhøy;", "From_Localised":"Morten Leerhøy", "Message":"$Pirate_HunterHostileSC_Relevant02;", "Message_Localised":"Ich wusste, dass ich dich und deine leckere Fracht bald finden würde!", "Channel":"npc" }
{ "timestamp":"2018-10-09T19:51:40Z", "event":"ReceiveText", "From":"$npc_name_decorate:#name=Morten Leerhøy;", "From_Localised":"Morten Leerhøy", "Message":"$Pirate_StartInterdiction06;", "Message_Localised":"Mach's dir nicht unnötig schwer. Gib einfach auf.", "Channel":"npc" }
{ "timestamp":"2018-10-09T19:52:43Z", "event":"Interdicted", "Submitted":false, "Interdictor":"Morten Leerhøy", "IsPlayer":false, "Faction":"Cartel of HIP 5700" }
{ "timestamp":"2018-10-09T19:52:44Z", "event":"SupercruiseExit", "StarSystem":"HIP 5623", "SystemAddress":319748540787, "Body":"HIP 5623", "BodyID":0, "BodyType":"Star" }
{ "timestamp":"2018-10-09T19:52:44Z", "event":"Powerplay", "Power":"Aisling Duval", "Rank":1, "Merits":775, "Votes":0, "TimePledged":2409870 }
{ "timestamp":"2018-10-09T19:52:44Z", "event":"Music", "MusicTrack":"Interdiction" }
{ "timestamp":"2018-10-09T19:52:46Z", "event":"ReceiveText", "From":"$npc_name_decorate:#name=Morten Leerhøy;", "From_Localised":"Morten Leerhøy", "Message":"$Pirate_ThreatenUnits01:#units=20;", "Message_Localised":"Gib mir 20t Fracht, wenn du weiterleben willst.", "Channel":"npc" }
{ "timestamp":"2018-10-09T19:52:47Z", "event":"ReceiveText", "From":"$npc_name_decorate:#name=Morten Leerhøy;", "From_Localised":"Morten Leerhøy", "Message":"$Pirate_ThreatenTimer04:#seconds=10;", "Message_Localised":"Her mit der Fracht. Ich gebe dir ... 10 Sekunden, dann fange ich an zu schießen.", "Channel":"npc" }
{ "timestamp":"2018-10-09T19:52:53Z", "event":"ReceiveText", "From":"$npc_name_decorate:#name=Morten Leerhøy;", "From_Localised":"Morten Leerhøy", "Message":"$Pirate_OnTargetFleeing02;", "Message_Localised":"Zurückkommen! Ich bin noch nicht fertig mit dir!", "Channel":"npc" }
{ "timestamp":"2018-10-09T19:52:55Z", "event":"UnderAttack", "Target":"You" }
{ "timestamp":"2018-10-09T19:52:55Z", "event":"UnderAttack", "Target":"You" }
{ "timestamp":"2018-10-09T19:52:55Z", "event":"Music", "MusicTrack":"Combat_Dogfight" }
{ "timestamp":"2018-10-09T19:52:55Z", "event":"UnderAttack", "Target":"You" }
{ "timestamp":"2018-10-09T19:53:05Z", "event":"HullDamage", "Health":0.729579, "PlayerPilot":true, "Fighter":false }
{ "timestamp":"2018-10-09T19:53:06Z", "event":"EjectCargo", "Type":"beer", "Type_Localised":"Bier", "Count":10, "Abandoned":false }
{ "timestamp":"2018-10-09T19:53:08Z", "event":"HullDamage", "Health":0.576776, "PlayerPilot":true, "Fighter":false }
{ "timestamp":"2018-10-09T19:53:08Z", "event":"ReceiveText", "From":"$npc_name_decorate:#name=Morten Leerhøy;", "From_Localised":"Morten Leerhøy", "Message":"$Pirate_OnUnsatisfactoryCargoDropped09;", "Message_Localised":"Es sollte schon mehr sein, damit sich das alles lohnt", "Channel":"npc" }
{ "timestamp":"2018-10-09T19:53:09Z", "event":"ReceiveText", "From":"$npc_name_decorate:#name=Morten Leerhøy;", "From_Localised":"Morten Leerhøy", "Message":"$Pirate_OnUnsatisfactoryCargoDropped11;", "Message_Localised":"Schau doch noch mal genau nach – ich bin mir sicher, du findest noch was.", "Channel":"npc" }
{ "timestamp":"2018-10-09T19:53:10Z", "event":"HullDamage", "Health":0.326650, "PlayerPilot":true, "Fighter":false }
{ "timestamp":"2018-10-09T19:53:13Z", "event":"HullDamage", "Health":0.191495, "PlayerPilot":true, "Fighter":false }
{ "timestamp":"2018-10-09T19:53:15Z", "event":"Died", "KillerName":"Morten Leerhøy", "KillerShip":"anaconda", "KillerRank":"Deadly" }
{ "timestamp":"2018-10-09T19:53:21Z", "event":"Music", "MusicTrack":"MainMenu" }
{ "timestamp":"2018-10-09T19:53:43Z", "event":"Resurrect", "Option":"rebuy", "Cost":4216657, "Bankrupt":false }
{ "timestamp":"2018-10-09T19:53:44Z", "event":"Loadout", "Ship":"Type9", "ShipID":4, "ShipName":"", "ShipIdent":"JB-12T", "HullValue":61298486, "ModulesValue":23034656, "Rebuy":4216657, "Modules":[ { "Slot":"MediumHardpoint1", "Item":"Hpt_MineLauncher_Fixed_Small", "On":true, "Priority":0, "Health":1.000000, "Value":24260 }, { "Slot":"MediumHardpoint2", "Item":"Hpt_MineLauncher_Fixed_Small_Impulse", "On":true, "Priority":0, "Health":1.000000, "Value":36390 }, { "Slot":"MediumHardpoint3", "Item":"Hpt_MineLauncher_Fixed_Small_Impulse", "On":true, "Priority":0, "Health":1.000000, "Value":36390 }, { "Slot":"SmallHardpoint1", "Item":"Hpt_MineLauncher_Fixed_Small_Impulse", "On":true, "Priority":0, "Health":1.000000, "Value":36390 }, { "Slot":"SmallHardpoint2", "Item":"Hpt_MineLauncher_Fixed_Small_Impulse", "On":true, "Priority":0, "Health":1.000000, "Value":36390 }, { "Slot":"TinyHardpoint1", "Item":"Hpt_ChaffLauncher_Tiny", "On":true, "Priority":0, "AmmoInClip":1, "AmmoInHopper":10, "Health":1.000000, "Value":8500 }, { "Slot":"TinyHardpoint2", "Item":"Hpt_ChaffLauncher_Tiny", "On":true, "Priority":0, "AmmoInClip":1, "AmmoInHopper":10, "Health":1.000000, "Value":8500 }, { "Slot":"TinyHardpoint3", "Item":"Hpt_ElectronicCountermeasure_Tiny", "On":true, "Priority":0, "Health":1.000000, "Value":12500 }, { "Slot":"TinyHardpoint4", "Item":"Hpt_PlasmaPointDefence_Turret_Tiny", "On":true, "Priority":0, "AmmoInClip":12, "AmmoInHopper":10000, "Health":1.000000, "Value":18546 }, { "Slot":"Armour", "Item":"Type9_Armour_Grade1", "On":true, "Priority":1, "Health":1.000000 }, { "Slot":"PowerPlant", "Item":"Int_Powerplant_Size6_Class1", "On":true, "Priority":1, "Health":1.000000, "Value":160137 }, { "Slot":"MainEngines", "Item":"Int_Engine_Size7_Class1", "On":true, "Priority":1, "Health":1.000000, "Value":538219, "Engineering":{ "Engineer":"Elvira Martuuk", "EngineerID":300160, "BlueprintID":128673655, "BlueprintName":"Engine_Dirty", "Level":1, "Quality":0.890000, "Modifiers":[ { "Label":"Integrity", "Value":114.460007, "OriginalValue":118.000000, "LessIsGood":0 }, { "Label":"PowerDraw", "Value":6.323200, "OriginalValue":6.080000, "LessIsGood":1 }, { "Label":"EngineOptimalMass", "Value":1404.000000, "OriginalValue":1440.000000, "LessIsGood":0 }, { "Label":"EngineOptPerformance", "Value":111.230019, "OriginalValue":100.000000, "LessIsGood":0 }, { "Label":"EngineHeatRate", "Value":1.560000, "OriginalValue":1.300000, "LessIsGood":1 } ] } }, { "Slot":"FrameShiftDrive", "Item":"Int_Hyperdrive_Size6_Class5", "On":true, "Priority":0, "Health":1.000000, "Value":13752602, "Engineering":{ "Engineer":"Elvira Martuuk", "EngineerID":300160, "BlueprintID":128673691, "BlueprintName":"FSD_LongRange", "Level":2, "Quality":0.955000, "ExperimentalEffect":"special_fsd_fuelcapacity", "ExperimentalEffect_Localised":"Tieflader", "Modifiers":[ { "Label":"Mass", "Value":46.000000, "OriginalValue":40.000000, "LessIsGood":1 }, { "Label":"Integrity", "Value":132.539993, "OriginalValue":141.000000, "LessIsGood":0 }, { "Label":"PowerDraw", "Value":0.834750, "OriginalValue":0.750000, "LessIsGood":1 }, { "Label":"FSDOptimalMass", "Value":2241.899902, "OriginalValue":1800.000000, "LessIsGood":0 }, { "Label":"MaxFuelPerJump", "Value":8.800000, "OriginalValue":8.000000, "LessIsGood":0 } ] } }, { "Slot":"LifeSupport", "Item":"Int_LifeSupport_Size5_Class1", "On":true, "Priority":2, "Health":1.000000, "Value":27011 }, { "Slot":"PowerDistributor", "Item":"Int_PowerDistributor_Size6_Class1", "On":true, "Priority":0, "Health":1.000000, "Value":88978 }, { "Slot":"Radar", "Item":"Int_Sensors_Size4_Class2", "On":true, "Priority":0, "Health":1.000000, "Value":24118 }, { "Slot":"FuelTank", "Item":"Int_FuelTank_Size6_Class3", "On":true, "Priority":1, "Health":1.000000, "Value":290340 }, { "Slot":"Slot00_Size8", "Item":"Int_CargoRack_Size8_Class1", "On":true, "Priority":1, "Health":1.000000, "Value":3255387 }, { "Slot":"Slot01_Size8", "Item":"Int_CargoRack_Size8_Class1", "On":true, "Priority":1, "Health":1.000000, "Value":3255387 }, { "Slot":"Slot02_Size7", "Item":"Int_CargoRack_Size7_Class1", "On":true, "Priority":1, "Health":1.000000, "Value":1001657 }, { "Slot":"Slot03_Size6", "Item":"Int_ShieldGenerator_Size6_Class1", "On":true, "Priority":2, "Health":1.000000, "Value":169784 }, { "Slot":"Slot04_Size5", "Item":"Int_CargoRack_Size5_Class1", "On":true, "Priority":1, "Health":1.000000, "Value":111566 }, { "Slot":"Slot05_Size4", "Item":"Int_CargoRack_Size4_Class1", "On":true, "Priority":1, "Health":1.000000, "Value":29178 }, { "Slot":"Slot06_Size4", "Item":"Int_CargoRack_Size4_Class1", "On":true, "Priority":1, "Health":1.000000, "Value":34328 }, { "Slot":"Slot07_Size3", "Item":"Int_CargoRack_Size3_Class1", "On":true, "Priority":1, "Health":1.000000, "Value":10563 }, { "Slot":"Slot08_Size3", "Item":"Int_CargoRack_Size3_Class1", "On":true, "Priority":1, "Health":1.000000, "Value":10563 }, { "Slot":"Slot11_Size2", "Item":"Int_ShieldCellBank_Size2_Class5", "On":true, "Priority":0, "AmmoInClip":1, "AmmoInHopper":3, "Health":1.000000, "Value":56547 }, { "Slot":"PlanetaryApproachSuite", "Item":"Int_PlanetApproachSuite", "On":true, "Priority":1, "Health":1.000000, "Value":425 }, { "Slot":"Bobble01", "Item":"Bobble_PilotMale", "On":true, "Priority":1, "Health":1.000000 }, { "Slot":"VesselVoice", "Item":"VoicePack_Verity", "On":true, "Priority":1, "Health":1.000000 }, { "Slot":"ShipCockpit", "Item":"Type9_Cockpit", "On":true, "Priority":1, "Health":1.000000 }, { "Slot":"CargoHatch", "Item":"ModularCargoBayDoor", "On":true, "Priority":2, "Health":1.000000 } ] }
{ "timestamp":"2018-10-09T19:53:46Z", "event":"Location", "Docked":true, "MarketID":3224970240, "StationName":"Gunter Station", "StationType":"Orbis", "StarSystem":"HIP 5623", "SystemAddress":319748540787, "StarPos":[131.34375,-144.59375,78.25000], "SystemAllegiance":"Empire", "SystemEconomy":"$economy_Agri;", "SystemEconomy_Localised":"Landwirtschaft", "SystemSecondEconomy":"$economy_Tourism;", "SystemSecondEconomy_Localised":"Tourismus", "SystemGovernment":"$government_Patronage;", "SystemGovernment_Localised":"Patronat", "SystemSecurity":"$SYSTEM_SECURITY_medium;", "SystemSecurity_Localised":"Mittlere Sicherheit", "Population":3145086169, "Body":"Gunter Station", "BodyID":12, "BodyType":"Station", "Powers":[ "Aisling Duval" ], "PowerplayState":"Exploited", "Factions":[ { "Name":"HIP 5623 Empire Group", "FactionState":"Boom", "Government":"Patronage", "Influence":0.132000, "Allegiance":"Empire", "RecoveringStates":[ { "State":"Outbreak", "Trend":0 } ] }, { "Name":"Pilots Federation Local Branch", "FactionState":"None", "Government":"Democracy", "Influence":0.000000, "Allegiance":"PilotsFederation" }, { "Name":"Tumuzgo Empire League", "FactionState":"Boom", "Government":"Patronage", "Influence":0.112000, "Allegiance":"Empire" }, { "Name":"HIP 5623 Crimson United Services", "FactionState":"Bust", "Government":"Corporate", "Influence":0.501000, "Allegiance":"Empire", "PendingStates":[ { "State":"Boom", "Trend":1 } ] }, { "Name":"HIP 5623 Dynamic Ltd", "FactionState":"Boom", "Government":"Corporate", "Influence":0.175000, "Allegiance":"Independent", "RecoveringStates":[ { "State":"Outbreak", "Trend":0 } ] }, { "Name":"Liberals of HIP 5623", "FactionState":"Boom", "Government":"Democracy", "Influence":0.059000, "Allegiance":"Independent" }, { "Name":"HIP 5623 Silver Cartel", "FactionState":"None", "Government":"Anarchy", "Influence":0.021000, "Allegiance":"Independent", "PendingStates":[ { "State":"Boom", "Trend":1 }, { "State":"Bust", "Trend":-1 } ], "RecoveringStates":[ { "State":"Outbreak", "Trend":0 } ] } ], "SystemFaction":"HIP 5623 Empire Group", "FactionState":"Boom" }
{ "timestamp":"2018-10-09T19:53:46Z", "event":"Powerplay", "Power":"Aisling Duval", "Rank":1, "Merits":775, "Votes":0, "TimePledged":2409931 }
{ "timestamp":"2018-10-09T19:53:46Z", "event":"Music", "MusicTrack":"NoTrack" }
{ "timestamp":"2018-10-09T19:53:46Z", "event":"Missions", "Active":[ { "MissionID":424896068, "Name":"Mission_Delivery_Boom_name", "PassengerMission":false, "Expires":85601 }, { "MissionID":424896099, "Name":"Mission_Delivery_Boom_name", "PassengerMission":false, "Expires":85600 }, { "MissionID":424896243, "Name":"Mission_Delivery_name", "PassengerMission":false, "Expires":85601 }, { "MissionID":424896265, "Name":"Mission_Delivery_name", "PassengerMission":false, "Expires":85601 }, { "MissionID":424896284, "Name":"Mission_Delivery_name", "PassengerMission":false, "Expires":85600 }, { "MissionID":424896838, "Name":"Mission_Delivery_name", "PassengerMission":false, "Expires":85601 }, { "MissionID":424896881, "Name":"Mission_Delivery_name", "PassengerMission":false, "Expires":85601 }, { "MissionID":424897145, "Name":"Mission_Delivery_Boom_name", "PassengerMission":false, "Expires":85601 }, { "MissionID":424897194, "Name":"Mission_Delivery_Boom_name", "PassengerMission":false, "Expires":85601 }, { "MissionID":424897212, "Name":"Mission_Delivery_Boom_name", "PassengerMission":false, "Expires":85601 } ], "Failed":[  ], "Complete":[  ] }
{ "timestamp":"2018-10-09T19:53:46Z", "event":"Cargo", "Inventory":[  ] }
{ "timestamp":"2018-10-09T19:53:46Z", "event":"Docked", "StationName":"Gunter Station", "StationType":"Orbis", "StarSystem":"HIP 5623", "SystemAddress":319748540787, "MarketID":3224970240, "StationFaction":"HIP 5623 Empire Group", "FactionState":"Boom", "StationGovernment":"$government_Patronage;", "StationGovernment_Localised":"Patronat", "StationAllegiance":"Empire", "StationServices":[ "Dock", "Autodock", "Commodities", "Contacts", "Exploration", "Missions", "Outfitting", "CrewLounge", "Rearm", "Refuel", "Repair", "Shipyard", "Tuning", "Workshop", "MissionsGenerated", "FlightController", "StationOperations", "Powerplay", "SearchAndRescue" ], "StationEconomy":"$economy_Agri;", "StationEconomy_Localised":"Landwirtschaft", "StationEconomies":[ { "Name":"$economy_Agri;", "Name_Localised":"Landwirtschaft", "Proportion":1.000000 } ], "DistFromStarLS":1000.799866 }
{ "timestamp":"2018-10-09T19:53:46Z", "event":"Music", "MusicTrack":"Starport" }
{ "timestamp":"2018-10-09T19:56:52Z", "event":"Music", "MusicTrack":"Exploration" }
{ "timestamp":"2018-10-09T19:56:54Z", "event":"Shutdown" }
